2014-07-07 09:53:39,078 WARN [config.CustomEditorConfigurer] - Passing PropertyEditor instances into CustomEditorConfigurer is deprecated: use PropertyEditorRegistrars or PropertyEditor class names instead. Offending key [org.geotools.util.Version; offending editor instance: org.geoserver.platform.util.VersionPropertyEditor@1824fe7
2014-07-07 09:53:41,355 WARN [org.geoserver] - Error connecting to 'my_places_categories'. Disabling.
2014-07-07 09:53:41,418 ERROR [geotools.jdbc] - There's code using JDBC based datastore and not disposing them. This may lead to temporary loss of database connections. Please make sure all data access code calls DataStore.dispose() before freeing all references to it
2014-07-07 09:53:41,901 WARN [referencing.factory] - Axis elements found in a wkt definition, the force longitude first axis order hint might not be respected:
PROJCS["WGS84 / Simple Mercator", GEOGCS["WGS 84", DATUM["WGS_1984", SPHEROID["WGS_1984", 6378137.0, 298.257223563]], PRIMEM["Greenwich", 0.0], UNIT["degree", 0.017453292519943295]], PROJECTION["Mercator_1SP_Google"], PARAMETER["latitude_of_origin", 0.0], PARAMETER["central_meridian", 0.0], PARAMETER["scale_factor", 1.0], PARAMETER["false_easting", 0.0], PARAMETER["false_northing", 0.0], UNIT["m", 1.0], AXIS["x", EAST], AXIS["y", NORTH], AUTHORITY["EPSG","54004"]]
2014-07-07 09:53:49,452 WARN [geoserver.security] - C:\GeoServer243\data_dir\security\masterpw.info is a security risk. Please read this file and remove it afterward
2014-07-07 09:54:37,094 WARN [geoserver.security] - Strong cryptograhpy is NOT available
Download and install of policy files recommended
from http://www.oracle.com/technetwork/java/javase/downloads/jce-6-download-429243.html
2014-07-07 09:54:51,821 ERROR [geotools.jdbc] - There's code using JDBC based datastore and not disposing them. This may lead to temporary loss of database connections. Please make sure all data access code calls DataStore.dispose() before freeing all references to it
2014-07-07 09:54:51,821 ERROR [geotools.jdbc] - There's code using JDBC based datastore and not disposing them. This may lead to temporary loss of database connections. Please make sure all data access code calls DataStore.dispose() before freeing all references to it
2014-07-07 09:54:51,821 ERROR [geotools.jdbc] - There's code using JDBC based datastore and not disposing them. This may lead to temporary loss of database connections. Please make sure all data access code calls DataStore.dispose() before freeing all references to it
2014-07-07 09:54:55,206 ERROR [geotools.jdbc] - There's code using JDBC based datastore and not disposing them. This may lead to temporary loss of database connections. Please make sure all data access code calls DataStore.dispose() before freeing all references to it
2014-07-07 09:54:55,206 ERROR [geotools.jdbc] - There's code using JDBC based datastore and not disposing them. This may lead to temporary loss of database connections. Please make sure all data access code calls DataStore.dispose() before freeing all references to it
2014-07-07 09:54:55,206 ERROR [geotools.jdbc] - There's code using JDBC based datastore and not disposing them. This may lead to temporary loss of database connections. Please make sure all data access code calls DataStore.dispose() before freeing all references to it
2014-07-07 09:55:57,653 WARN [geotools.jdbc] - No primary key or unique index found for my_places_categories.
2014-07-07 09:58:44,167 WARN [gwc.layer] - Requested layer analysis has no geometry. Won't create TileLayer
2014-07-07 10:00:39,748 WARN [geotools.jdbc] - No primary key or unique index found for analysis_data_style.
2014-07-07 10:01:16,642 WARN [geotools.jdbc] - Failed to use ST_Estimated_Extent, falling back on envelope aggregation
org.postgresql.util.PSQLException: ERROR: stats for "analysis_data_style.geometry" do not exist
  Where: SQL function "st_estimated_extent" statement 2
	at org.postgresql.core.v3.QueryExecutorImpl.receiveErrorResponse(QueryExecutorImpl.java:2062)
	at org.postgresql.core.v3.QueryExecutorImpl.processResults(QueryExecutorImpl.java:1795)
	at org.postgresql.core.v3.QueryExecutorImpl.execute(QueryExecutorImpl.java:257)
	at org.postgresql.jdbc2.AbstractJdbc2Statement.execute(AbstractJdbc2Statement.java:479)
	at org.postgresql.jdbc2.AbstractJdbc2Statement.executeWithFlags(AbstractJdbc2Statement.java:353)
	at org.postgresql.jdbc2.AbstractJdbc2Statement.executeQuery(AbstractJdbc2Statement.java:252)
	at org.apache.commons.dbcp.DelegatingStatement.executeQuery(DelegatingStatement.java:208)
	at org.apache.commons.dbcp.DelegatingStatement.executeQuery(DelegatingStatement.java:208)
	at org.geotools.data.postgis.PostGISDialect.getOptimizedBounds(PostGISDialect.java:286)
	at org.geotools.jdbc.JDBCDataStore.getBounds(JDBCDataStore.java:1141)
	at org.geotools.jdbc.JDBCFeatureSource.getBoundsInternal(JDBCFeatureSource.java:501)
	at org.geotools.data.store.ContentFeatureSource.getBounds(ContentFeatureSource.java:427)
	at org.geotools.data.store.ContentFeatureSource.getBounds(ContentFeatureSource.java:364)
	at org.vfny.geoserver.global.GeoServerFeatureSource.getBounds(GeoServerFeatureSource.java:591)
	at org.geoserver.catalog.CatalogBuilder.getNativeBounds(CatalogBuilder.java:561)
	at org.geoserver.catalog.CatalogBuilder.getNativeBounds(CatalogBuilder.java:543)
	at org.geoserver.web.data.resource.BasicResourceConfig$1.onSubmit(BasicResourceConfig.java:118)
	at org.apache.wicket.ajax.markup.html.form.AjaxSubmitLink$1.onSubmit(AjaxSubmitLink.java:68)
	at org.apache.wicket.ajax.form.AjaxFormSubmitBehavior.onEvent(AjaxFormSubmitBehavior.java:143)
	at org.apache.wicket.ajax.AjaxEventBehavior.respond(AjaxEventBehavior.java:177)
	at org.apache.wicket.ajax.AbstractDefaultAjaxBehavior.onRequest(AbstractDefaultAjaxBehavior.java:300)
	at org.apache.wicket.request.target.component.listener.BehaviorRequestTarget.processEvents(BehaviorRequestTarget.java:119)
	at org.apache.wicket.request.AbstractRequestCycleProcessor.processEvents(AbstractRequestCycleProcessor.java:92)
	at org.apache.wicket.RequestCycle.processEventsAndRespond(RequestCycle.java:1250)
	at org.apache.wicket.RequestCycle.step(RequestCycle.java:1329)
	at org.apache.wicket.RequestCycle.steps(RequestCycle.java:1436)
	at org.apache.wicket.RequestCycle.request(RequestCycle.java:545)
	at org.apache.wicket.protocol.http.WicketFilter.doGet(WicketFilter.java:484)
	at org.apache.wicket.protocol.http.WicketServlet.doPost(WicketServlet.java:160)
	at javax.servlet.http.HttpServlet.service(HttpServlet.java:727)
	at javax.servlet.http.HttpServlet.service(HttpServlet.java:820)
	at org.springframework.web.servlet.mvc.ServletWrappingController.handleRequestInternal(ServletWrappingController.java:159)
	at org.springframework.web.servlet.mvc.AbstractController.handleRequest(AbstractController.java:153)
	at org.springframework.web.servlet.mvc.SimpleControllerHandlerAdapter.handle(SimpleControllerHandlerAdapter.java:48)
	at org.springframework.web.servlet.DispatcherServlet.doDispatch(DispatcherServlet.java:923)
	at org.springframework.web.servlet.DispatcherServlet.doService(DispatcherServlet.java:852)
	at org.springframework.web.servlet.FrameworkServlet.processRequest(FrameworkServlet.java:882)
	at org.springframework.web.servlet.FrameworkServlet.doPost(FrameworkServlet.java:789)
	at javax.servlet.http.HttpServlet.service(HttpServlet.java:727)
	at javax.servlet.http.HttpServlet.service(HttpServlet.java:820)
	at org.mortbay.jetty.servlet.ServletHolder.handle(ServletHolder.java:487)
	at org.mortbay.jetty.servlet.ServletHandler$CachedChain.doFilter(ServletHandler.java:1093)
	at org.geoserver.filters.ThreadLocalsCleanupFilter.doFilter(ThreadLocalsCleanupFilter.java:27)
	at org.mortbay.jetty.servlet.ServletHandler$CachedChain.doFilter(ServletHandler.java:1084)
	at org.geoserver.filters.SpringDelegatingFilter$Chain.doFilter(SpringDelegatingFilter.java:74)
	at org.geoserver.filters.SpringDelegatingFilter.doFilter(SpringDelegatingFilter.java:45)
	at org.mortbay.jetty.servlet.ServletHandler$CachedChain.doFilter(ServletHandler.java:1084)
	at org.geoserver.platform.AdvancedDispatchFilter.doFilter(AdvancedDispatchFilter.java:49)
	at org.mortbay.jetty.servlet.ServletHandler$CachedChain.doFilter(ServletHandler.java:1084)
	at org.springframework.security.web.FilterChainProxy$VirtualFilterChain.doFilter(FilterChainProxy.java:311)
	at org.geoserver.security.filter.GeoServerCompositeFilter$NestedFilterChain.doFilter(GeoServerCompositeFilter.java:68)
	at org.springframework.security.web.access.intercept.FilterSecurityInterceptor.invoke(FilterSecurityInterceptor.java:116)
	at org.springframework.security.web.access.intercept.FilterSecurityInterceptor.doFilter(FilterSecurityInterceptor.java:83)
	at org.geoserver.security.filter.GeoServerCompositeFilter$NestedFilterChain.doFilter(GeoServerCompositeFilter.java:72)
	at org.geoserver.security.filter.GeoServerCompositeFilter.doFilter(GeoServerCompositeFilter.java:91)
	at org.springframework.security.web.FilterChainProxy$VirtualFilterChain.doFilter(FilterChainProxy.java:323)
	at org.geoserver.security.filter.GeoServerCompositeFilter$NestedFilterChain.doFilter(GeoServerCompositeFilter.java:68)
	at org.springframework.security.web.access.ExceptionTranslationFilter.doFilter(ExceptionTranslationFilter.java:113)
	at org.geoserver.security.filter.GeoServerCompositeFilter$NestedFilterChain.doFilter(GeoServerCompositeFilter.java:72)
	at org.geoserver.security.filter.GeoServerCompositeFilter.doFilter(GeoServerCompositeFilter.java:91)
	at org.springframework.security.web.FilterChainProxy$VirtualFilterChain.doFilter(FilterChainProxy.java:323)
	at org.geoserver.security.filter.GeoServerAnonymousAuthenticationFilter.doFilter(GeoServerAnonymousAuthenticationFilter.java:53)
	at org.springframework.security.web.FilterChainProxy$VirtualFilterChain.doFilter(FilterChainProxy.java:323)
	at org.geoserver.security.filter.GeoServerCompositeFilter$NestedFilterChain.doFilter(GeoServerCompositeFilter.java:68)
	at org.springframework.security.web.authentication.AbstractAuthenticationProcessingFilter.doFilter(AbstractAuthenticationProcessingFilter.java:182)
	at org.geoserver.security.filter.GeoServerCompositeFilter$NestedFilterChain.doFilter(GeoServerCompositeFilter.java:72)
	at org.geoserver.security.filter.GeoServerCompositeFilter.doFilter(GeoServerCompositeFilter.java:91)
	at org.geoserver.security.filter.GeoServerUserNamePasswordAuthenticationFilter.doFilter(GeoServerUserNamePasswordAuthenticationFilter.java:115)
	at org.springframework.security.web.FilterChainProxy$VirtualFilterChain.doFilter(FilterChainProxy.java:323)
	at org.geoserver.security.filter.GeoServerCompositeFilter$NestedFilterChain.doFilter(GeoServerCompositeFilter.java:68)
	at org.springframework.security.web.authentication.rememberme.RememberMeAuthenticationFilter.doFilter(RememberMeAuthenticationFilter.java:146)
	at org.geoserver.security.filter.GeoServerCompositeFilter$NestedFilterChain.doFilter(GeoServerCompositeFilter.java:72)
	at org.geoserver.security.filter.GeoServerCompositeFilter.doFilter(GeoServerCompositeFilter.java:91)
	at org.springframework.security.web.FilterChainProxy$VirtualFilterChain.doFilter(FilterChainProxy.java:323)
	at org.geoserver.security.filter.GeoServerCompositeFilter$NestedFilterChain.doFilter(GeoServerCompositeFilter.java:68)
	at org.springframework.security.web.context.SecurityContextPersistenceFilter.doFilter(SecurityContextPersistenceFilter.java:87)
	at org.geoserver.security.filter.GeoServerSecurityContextPersistenceFilter$1.doFilter(GeoServerSecurityContextPersistenceFilter.java:52)
	at org.geoserver.security.filter.GeoServerCompositeFilter$NestedFilterChain.doFilter(GeoServerCompositeFilter.java:72)
	at org.geoserver.security.filter.GeoServerCompositeFilter.doFilter(GeoServerCompositeFilter.java:91)
	at org.springframework.security.web.FilterChainProxy$VirtualFilterChain.doFilter(FilterChainProxy.java:323)
	at org.springframework.security.web.FilterChainProxy.doFilter(FilterChainProxy.java:173)
	at org.geoserver.security.GeoServerSecurityFilterChainProxy.doFilter(GeoServerSecurityFilterChainProxy.java:134)
	at org.springframework.web.filter.DelegatingFilterProxy.invokeDelegate(DelegatingFilterProxy.java:346)
	at org.springframework.web.filter.DelegatingFilterProxy.doFilter(DelegatingFilterProxy.java:259)
	at org.mortbay.jetty.servlet.ServletHandler$CachedChain.doFilter(ServletHandler.java:1084)
	at org.geoserver.filters.LoggingFilter.doFilter(LoggingFilter.java:75)
	at org.mortbay.jetty.servlet.ServletHandler$CachedChain.doFilter(ServletHandler.java:1084)
	at org.geoserver.filters.GZIPFilter.doFilter(GZIPFilter.java:42)
	at org.mortbay.jetty.servlet.ServletHandler$CachedChain.doFilter(ServletHandler.java:1084)
	at org.geoserver.filters.SessionDebugFilter.doFilter(SessionDebugFilter.java:47)
	at org.mortbay.jetty.servlet.ServletHandler$CachedChain.doFilter(ServletHandler.java:1084)
	at org.geoserver.filters.FlushSafeFilter.doFilter(FlushSafeFilter.java:43)
	at org.mortbay.jetty.servlet.ServletHandler$CachedChain.doFilter(ServletHandler.java:1084)
	at org.vfny.geoserver.filters.SetCharacterEncodingFilter.doFilter(SetCharacterEncodingFilter.java:109)
	at org.mortbay.jetty.servlet.ServletHandler$CachedChain.doFilter(ServletHandler.java:1084)
	at org.mortbay.jetty.servlet.ServletHandler.handle(ServletHandler.java:360)
	at org.mortbay.jetty.security.SecurityHandler.handle(SecurityHandler.java:216)
	at org.mortbay.jetty.servlet.SessionHandler.handle(SessionHandler.java:181)
	at org.mortbay.jetty.handler.ContextHandler.handle(ContextHandler.java:726)
	at org.mortbay.jetty.webapp.WebAppContext.handle(WebAppContext.java:405)
	at org.mortbay.jetty.handler.ContextHandlerCollection.handle(ContextHandlerCollection.java:206)
	at org.mortbay.jetty.handler.HandlerCollection.handle(HandlerCollection.java:114)
	at org.mortbay.jetty.handler.HandlerWrapper.handle(HandlerWrapper.java:152)
	at org.mortbay.jetty.Server.handle(Server.java:324)
	at org.mortbay.jetty.HttpConnection.handleRequest(HttpConnection.java:505)
	at org.mortbay.jetty.HttpConnection$RequestHandler.content(HttpConnection.java:842)
	at org.mortbay.jetty.HttpParser.parseNext(HttpParser.java:648)
	at org.mortbay.jetty.HttpParser.parseAvailable(HttpParser.java:211)
	at org.mortbay.jetty.HttpConnection.handle(HttpConnection.java:380)
	at org.mortbay.io.nio.SelectChannelEndPoint.run(SelectChannelEndPoint.java:395)
	at org.mortbay.thread.BoundedThreadPool$PoolThread.run(BoundedThreadPool.java:450)
2014-07-07 10:06:40,034 ERROR [geoserver.ows] - 
java.lang.IllegalArgumentException: The specified mark strConcat([oskari://dot-markers#0xe00], [dot_shape]) was not found!
	at org.geotools.renderer.style.SLDStyleFactory.createPointStyle(SLDStyleFactory.java:649)
	at org.geotools.renderer.style.SLDStyleFactory.createPointStyle(SLDStyleFactory.java:516)
	at org.geotools.renderer.style.SLDStyleFactory.createStyleInternal(SLDStyleFactory.java:372)
	at org.geotools.renderer.style.SLDStyleFactory.createStyle(SLDStyleFactory.java:319)
	at org.geoserver.wms.legendgraphic.BufferedImageLegendGraphicBuilder.buildLegendGraphic(BufferedImageLegendGraphicBuilder.java:380)
	at org.geoserver.wms.legendgraphic.PNGLegendOutputFormat.produceLegendGraphic(PNGLegendOutputFormat.java:40)
	at org.geoserver.wms.legendgraphic.PNGLegendOutputFormat.produceLegendGraphic(PNGLegendOutputFormat.java:21)
	at org.geoserver.wms.GetLegendGraphic.run(GetLegendGraphic.java:48)
	at org.geoserver.wms.DefaultWebMapService.getLegendGraphic(DefaultWebMapService.java:357)
	at sun.reflect.NativeMethodAccessorImpl.invoke0(Native Method)
	at sun.reflect.NativeMethodAccessorImpl.invoke(NativeMethodAccessorImpl.java:57)
	at sun.reflect.DelegatingMethodAccessorImpl.invoke(DelegatingMethodAccessorImpl.java:43)
	at java.lang.reflect.Method.invoke(Method.java:601)
	at org.springframework.aop.support.AopUtils.invokeJoinpointUsingReflection(AopUtils.java:319)
	at org.springframework.aop.framework.ReflectiveMethodInvocation.invokeJoinpoint(ReflectiveMethodInvocation.java:183)
	at org.springframework.aop.framework.ReflectiveMethodInvocation.proceed(ReflectiveMethodInvocation.java:150)
	at org.geoserver.kml.WebMapServiceKmlInterceptor.invoke(WebMapServiceKmlInterceptor.java:34)
	at org.springframework.aop.framework.ReflectiveMethodInvocation.proceed(ReflectiveMethodInvocation.java:172)
	at org.geoserver.ows.util.RequestObjectLogger.invoke(RequestObjectLogger.java:32)
	at org.springframework.aop.framework.ReflectiveMethodInvocation.proceed(ReflectiveMethodInvocation.java:172)
	at org.springframework.aop.framework.JdkDynamicAopProxy.invoke(JdkDynamicAopProxy.java:202)
	at $Proxy58.getLegendGraphic(Unknown Source)
	at sun.reflect.NativeMethodAccessorImpl.invoke0(Native Method)
	at sun.reflect.NativeMethodAccessorImpl.invoke(NativeMethodAccessorImpl.java:57)
	at sun.reflect.DelegatingMethodAccessorImpl.invoke(DelegatingMethodAccessorImpl.java:43)
	at java.lang.reflect.Method.invoke(Method.java:601)
	at org.geoserver.ows.Dispatcher.execute(Dispatcher.java:774)
	at org.geoserver.ows.Dispatcher.handleRequestInternal(Dispatcher.java:272)
	at org.springframework.web.servlet.mvc.AbstractController.handleRequest(AbstractController.java:153)
	at org.springframework.web.servlet.mvc.SimpleControllerHandlerAdapter.handle(SimpleControllerHandlerAdapter.java:48)
	at org.springframework.web.servlet.DispatcherServlet.doDispatch(DispatcherServlet.java:923)
	at org.springframework.web.servlet.DispatcherServlet.doService(DispatcherServlet.java:852)
	at org.springframework.web.servlet.FrameworkServlet.processRequest(FrameworkServlet.java:882)
	at org.springframework.web.servlet.FrameworkServlet.doGet(FrameworkServlet.java:778)
	at javax.servlet.http.HttpServlet.service(HttpServlet.java:707)
	at javax.servlet.http.HttpServlet.service(HttpServlet.java:820)
	at org.mortbay.jetty.servlet.ServletHolder.handle(ServletHolder.java:487)
	at org.mortbay.jetty.servlet.ServletHandler$CachedChain.doFilter(ServletHandler.java:1093)
	at org.geoserver.filters.ThreadLocalsCleanupFilter.doFilter(ThreadLocalsCleanupFilter.java:27)
	at org.mortbay.jetty.servlet.ServletHandler$CachedChain.doFilter(ServletHandler.java:1084)
	at org.geoserver.filters.SpringDelegatingFilter$Chain.doFilter(SpringDelegatingFilter.java:74)
	at org.geoserver.filters.SpringDelegatingFilter.doFilter(SpringDelegatingFilter.java:45)
	at org.mortbay.jetty.servlet.ServletHandler$CachedChain.doFilter(ServletHandler.java:1084)
	at org.geoserver.platform.AdvancedDispatchFilter.doFilter(AdvancedDispatchFilter.java:49)
	at org.mortbay.jetty.servlet.ServletHandler$CachedChain.doFilter(ServletHandler.java:1084)
	at org.springframework.security.web.FilterChainProxy$VirtualFilterChain.doFilter(FilterChainProxy.java:311)
	at org.geoserver.security.filter.GeoServerCompositeFilter$NestedFilterChain.doFilter(GeoServerCompositeFilter.java:68)
	at org.springframework.security.web.access.intercept.FilterSecurityInterceptor.invoke(FilterSecurityInterceptor.java:116)
	at org.springframework.security.web.access.intercept.FilterSecurityInterceptor.doFilter(FilterSecurityInterceptor.java:83)
	at org.geoserver.security.filter.GeoServerCompositeFilter$NestedFilterChain.doFilter(GeoServerCompositeFilter.java:72)
	at org.geoserver.security.filter.GeoServerCompositeFilter.doFilter(GeoServerCompositeFilter.java:91)
	at org.springframework.security.web.FilterChainProxy$VirtualFilterChain.doFilter(FilterChainProxy.java:323)
	at org.geoserver.security.filter.GeoServerCompositeFilter$NestedFilterChain.doFilter(GeoServerCompositeFilter.java:68)
	at org.springframework.security.web.access.ExceptionTranslationFilter.doFilter(ExceptionTranslationFilter.java:113)
	at org.geoserver.security.filter.GeoServerCompositeFilter$NestedFilterChain.doFilter(GeoServerCompositeFilter.java:72)
	at org.geoserver.security.filter.GeoServerCompositeFilter.doFilter(GeoServerCompositeFilter.java:91)
	at org.springframework.security.web.FilterChainProxy$VirtualFilterChain.doFilter(FilterChainProxy.java:323)
	at org.geoserver.security.filter.GeoServerAnonymousAuthenticationFilter.doFilter(GeoServerAnonymousAuthenticationFilter.java:53)
	at org.springframework.security.web.FilterChainProxy$VirtualFilterChain.doFilter(FilterChainProxy.java:323)
	at org.geoserver.security.filter.GeoServerCompositeFilter$NestedFilterChain.doFilter(GeoServerCompositeFilter.java:68)
	at org.springframework.security.web.authentication.www.BasicAuthenticationFilter.doFilter(BasicAuthenticationFilter.java:150)
	at org.geoserver.security.filter.GeoServerCompositeFilter$NestedFilterChain.doFilter(GeoServerCompositeFilter.java:72)
	at org.geoserver.security.filter.GeoServerCompositeFilter.doFilter(GeoServerCompositeFilter.java:91)
	at org.geoserver.security.filter.GeoServerBasicAuthenticationFilter.doFilter(GeoServerBasicAuthenticationFilter.java:82)
	at org.springframework.security.web.FilterChainProxy$VirtualFilterChain.doFilter(FilterChainProxy.java:323)
	at org.geoserver.security.filter.GeoServerCompositeFilter$NestedFilterChain.doFilter(GeoServerCompositeFilter.java:68)
	at org.springframework.security.web.context.SecurityContextPersistenceFilter.doFilter(SecurityContextPersistenceFilter.java:87)
	at org.geoserver.security.filter.GeoServerSecurityContextPersistenceFilter$1.doFilter(GeoServerSecurityContextPersistenceFilter.java:52)
	at org.geoserver.security.filter.GeoServerCompositeFilter$NestedFilterChain.doFilter(GeoServerCompositeFilter.java:72)
	at org.geoserver.security.filter.GeoServerCompositeFilter.doFilter(GeoServerCompositeFilter.java:91)
	at org.springframework.security.web.FilterChainProxy$VirtualFilterChain.doFilter(FilterChainProxy.java:323)
	at org.springframework.security.web.FilterChainProxy.doFilter(FilterChainProxy.java:173)
	at org.geoserver.security.GeoServerSecurityFilterChainProxy.doFilter(GeoServerSecurityFilterChainProxy.java:134)
	at org.springframework.web.filter.DelegatingFilterProxy.invokeDelegate(DelegatingFilterProxy.java:346)
	at org.springframework.web.filter.DelegatingFilterProxy.doFilter(DelegatingFilterProxy.java:259)
	at org.mortbay.jetty.servlet.ServletHandler$CachedChain.doFilter(ServletHandler.java:1084)
	at org.geoserver.filters.LoggingFilter.doFilter(LoggingFilter.java:75)
	at org.mortbay.jetty.servlet.ServletHandler$CachedChain.doFilter(ServletHandler.java:1084)
	at org.geoserver.filters.GZIPFilter.doFilter(GZIPFilter.java:42)
	at org.mortbay.jetty.servlet.ServletHandler$CachedChain.doFilter(ServletHandler.java:1084)
	at org.geoserver.filters.SessionDebugFilter.doFilter(SessionDebugFilter.java:47)
	at org.mortbay.jetty.servlet.ServletHandler$CachedChain.doFilter(ServletHandler.java:1084)
	at org.geoserver.filters.FlushSafeFilter.doFilter(FlushSafeFilter.java:43)
	at org.mortbay.jetty.servlet.ServletHandler$CachedChain.doFilter(ServletHandler.java:1084)
	at org.vfny.geoserver.filters.SetCharacterEncodingFilter.doFilter(SetCharacterEncodingFilter.java:109)
	at org.mortbay.jetty.servlet.ServletHandler$CachedChain.doFilter(ServletHandler.java:1084)
	at org.mortbay.jetty.servlet.ServletHandler.handle(ServletHandler.java:360)
	at org.mortbay.jetty.security.SecurityHandler.handle(SecurityHandler.java:216)
	at org.mortbay.jetty.servlet.SessionHandler.handle(SessionHandler.java:181)
	at org.mortbay.jetty.handler.ContextHandler.handle(ContextHandler.java:726)
	at org.mortbay.jetty.webapp.WebAppContext.handle(WebAppContext.java:405)
	at org.mortbay.jetty.handler.ContextHandlerCollection.handle(ContextHandlerCollection.java:206)
	at org.mortbay.jetty.handler.HandlerCollection.handle(HandlerCollection.java:114)
	at org.mortbay.jetty.handler.HandlerWrapper.handle(HandlerWrapper.java:152)
	at org.mortbay.jetty.Server.handle(Server.java:324)
	at org.mortbay.jetty.HttpConnection.handleRequest(HttpConnection.java:505)
	at org.mortbay.jetty.HttpConnection$RequestHandler.headerComplete(HttpConnection.java:828)
	at org.mortbay.jetty.HttpParser.parseNext(HttpParser.java:514)
	at org.mortbay.jetty.HttpParser.parseAvailable(HttpParser.java:211)
	at org.mortbay.jetty.HttpConnection.handle(HttpConnection.java:380)
	at org.mortbay.io.nio.SelectChannelEndPoint.run(SelectChannelEndPoint.java:395)
	at org.mortbay.thread.BoundedThreadPool$PoolThread.run(BoundedThreadPool.java:450)
2014-07-07 10:06:44,027 WARN [gwc.layer] - Can't compute bounds for tile layer oskari:analysis_data_style in CRS EPSG:900913. Assuming full GridSet bounds. (null)
2014-07-07 10:06:44,043 WARN [gwc.layer] - Can't compute bounds for tile layer oskari:analysis_data_style in CRS EPSG:4326. Assuming full GridSet bounds. (null)
2014-07-07 13:57:32,631 WARN [servlet.PageNotFound] - No mapping found for HTTP request with URI [/geoserver/wps] in DispatcherServlet with name 'dispatcher'
2014-07-07 14:01:17,463 WARN [support.DisposableBeanAdapter] - Invocation of destroy method failed on bean with name 'geoServerLoader': org.springframework.beans.factory.BeanCreationNotAllowedException: Error creating bean with name 'GWCLifeCycleHandler': Singleton bean creation not allowed while the singletons of this factory are in destruction (Do not request a bean from a BeanFactory in a destroy method implementation!)
2014-07-07 14:01:18,203 WARN [referencing.factory] - Axis elements found in a wkt definition, the force longitude first axis order hint might not be respected:
PROJCS["WGS84 / Simple Mercator", GEOGCS["WGS 84", DATUM["WGS_1984", SPHEROID["WGS_1984", 6378137.0, 298.257223563]], PRIMEM["Greenwich", 0.0], UNIT["degree", 0.017453292519943295]], PROJECTION["Mercator_1SP_Google"], PARAMETER["latitude_of_origin", 0.0], PARAMETER["central_meridian", 0.0], PARAMETER["scale_factor", 1.0], PARAMETER["false_easting", 0.0], PARAMETER["false_northing", 0.0], UNIT["m", 1.0], AXIS["x", EAST], AXIS["y", NORTH], AUTHORITY["EPSG","54004"]]
2014-07-07 14:01:58,064 WARN [config.CustomEditorConfigurer] - Passing PropertyEditor instances into CustomEditorConfigurer is deprecated: use PropertyEditorRegistrars or PropertyEditor class names instead. Offending key [org.geotools.util.Version; offending editor instance: org.geoserver.platform.util.VersionPropertyEditor@1ea179c
2014-07-07 14:02:00,364 WARN [referencing.factory] - Axis elements found in a wkt definition, the force longitude first axis order hint might not be respected:
PROJCS["WGS84 / Simple Mercator", GEOGCS["WGS 84", DATUM["WGS_1984", SPHEROID["WGS_1984", 6378137.0, 298.257223563]], PRIMEM["Greenwich", 0.0], UNIT["degree", 0.017453292519943295]], PROJECTION["Mercator_1SP_Google"], PARAMETER["latitude_of_origin", 0.0], PARAMETER["central_meridian", 0.0], PARAMETER["scale_factor", 1.0], PARAMETER["false_easting", 0.0], PARAMETER["false_northing", 0.0], UNIT["m", 1.0], AXIS["x", EAST], AXIS["y", NORTH], AUTHORITY["EPSG","54004"]]
2014-07-07 14:02:09,904 WARN [geoserver.security] - C:\GeoServer243\data_dir\security\masterpw.info is a security risk. Please read this file and remove it afterward
2014-07-07 14:02:56,497 WARN [geotools.jdbc] - No primary key or unique index found for analysis_data_style.
2014-07-07 14:02:56,577 WARN [geotools.jdbc] - No primary key or unique index found for my_places_categories.
2014-07-07 14:03:58,183 WARN [geoserver.ows] - Could not get a ServiceInfo for service wps thus could not check if the service is enabled
2014-07-07 14:03:58,833 WARN [geotools.feature] - Default Geometry geometry was added as a geoemtry
2014-07-07 14:13:25,984 WARN [geoserver.security] - Strong cryptograhpy is NOT available
Download and install of policy files recommended
from http://www.oracle.com/technetwork/java/javase/downloads/jce-6-download-429243.html
2014-07-07 14:14:58,232 WARN [geotools.jdbc] - No primary key or unique index found for analysis_data_style.
2014-07-07 14:16:15,860 WARN [geoserver.ows] - Could not get a ServiceInfo for service wps thus could not check if the service is enabled
2014-07-07 14:16:15,954 WARN [geotools.feature] - Default Geometry geometry was added as a geoemtry
2014-07-07 14:19:12,812 WARN [referencing.factory] - Axis elements found in a wkt definition, the force longitude first axis order hint might not be respected:
PROJCS["WGS84 / Simple Mercator", GEOGCS["WGS 84", DATUM["WGS_1984", SPHEROID["WGS_1984", 6378137.0, 298.257223563]], PRIMEM["Greenwich", 0.0], UNIT["degree", 0.017453292519943295]], PROJECTION["Mercator_1SP_Google"], PARAMETER["latitude_of_origin", 0.0], PARAMETER["central_meridian", 0.0], PARAMETER["scale_factor", 1.0], PARAMETER["false_easting", 0.0], PARAMETER["false_northing", 0.0], UNIT["m", 1.0], AXIS["x", EAST], AXIS["y", NORTH], AUTHORITY["EPSG","54004"]]
2014-07-07 14:19:12,828 ERROR [config.impl] - Could not locate service of type interface org.geoserver.wps.WPSInfo, local workspace is null
2014-07-07 14:19:13,202 ERROR [config.impl] - Error occurred processing a configuration change listener
java.lang.NullPointerException
	at org.geoserver.wps.WPSInitializer.initWPS(WPSInitializer.java:55)
	at org.geoserver.wps.WPSInitializer$1.handlePostGlobalChange(WPSInitializer.java:47)
	at org.geoserver.config.impl.GeoServerImpl.fireGlobalPostModified(GeoServerImpl.java:311)
	at org.geoserver.config.impl.GeoServerImpl.setGlobal(GeoServerImpl.java:106)
	at org.geoserver.config.GeoServerLoader.readConfiguration(GeoServerLoader.java:610)
	at org.geoserver.config.DefaultGeoServerLoader.loadGeoServer(DefaultGeoServerLoader.java:72)
	at org.geoserver.config.GeoServerLoader.reload(GeoServerLoader.java:211)
	at org.geoserver.config.GeoServerLoaderProxy.reload(GeoServerLoaderProxy.java:65)
	at org.geoserver.config.impl.GeoServerImpl.reload(GeoServerImpl.java:439)
	at org.geoserver.web.admin.StatusPage$5.onClick(StatusPage.java:156)
	at org.apache.wicket.ajax.markup.html.AjaxLink$1.onEvent(AjaxLink.java:68)
	at org.apache.wicket.ajax.AjaxEventBehavior.respond(AjaxEventBehavior.java:177)
	at org.apache.wicket.ajax.AbstractDefaultAjaxBehavior.onRequest(AbstractDefaultAjaxBehavior.java:300)
	at org.apache.wicket.request.target.component.listener.BehaviorRequestTarget.processEvents(BehaviorRequestTarget.java:119)
	at org.apache.wicket.request.AbstractRequestCycleProcessor.processEvents(AbstractRequestCycleProcessor.java:92)
	at org.apache.wicket.RequestCycle.processEventsAndRespond(RequestCycle.java:1250)
	at org.apache.wicket.RequestCycle.step(RequestCycle.java:1329)
	at org.apache.wicket.RequestCycle.steps(RequestCycle.java:1436)
	at org.apache.wicket.RequestCycle.request(RequestCycle.java:545)
	at org.apache.wicket.protocol.http.WicketFilter.doGet(WicketFilter.java:484)
	at org.apache.wicket.protocol.http.WicketServlet.doGet(WicketServlet.java:138)
	at javax.servlet.http.HttpServlet.service(HttpServlet.java:707)
	at javax.servlet.http.HttpServlet.service(HttpServlet.java:820)
	at org.springframework.web.servlet.mvc.ServletWrappingController.handleRequestInternal(ServletWrappingController.java:159)
	at org.springframework.web.servlet.mvc.AbstractController.handleRequest(AbstractController.java:153)
	at org.springframework.web.servlet.mvc.SimpleControllerHandlerAdapter.handle(SimpleControllerHandlerAdapter.java:48)
	at org.springframework.web.servlet.DispatcherServlet.doDispatch(DispatcherServlet.java:923)
	at org.springframework.web.servlet.DispatcherServlet.doService(DispatcherServlet.java:852)
	at org.springframework.web.servlet.FrameworkServlet.processRequest(FrameworkServlet.java:882)
	at org.springframework.web.servlet.FrameworkServlet.doGet(FrameworkServlet.java:778)
	at javax.servlet.http.HttpServlet.service(HttpServlet.java:707)
	at javax.servlet.http.HttpServlet.service(HttpServlet.java:820)
	at org.mortbay.jetty.servlet.ServletHolder.handle(ServletHolder.java:487)
	at org.mortbay.jetty.servlet.ServletHandler$CachedChain.doFilter(ServletHandler.java:1093)
	at org.geoserver.filters.ThreadLocalsCleanupFilter.doFilter(ThreadLocalsCleanupFilter.java:27)
	at org.mortbay.jetty.servlet.ServletHandler$CachedChain.doFilter(ServletHandler.java:1084)
	at org.geoserver.filters.SpringDelegatingFilter$Chain.doFilter(SpringDelegatingFilter.java:74)
	at org.geoserver.filters.SpringDelegatingFilter.doFilter(SpringDelegatingFilter.java:45)
	at org.mortbay.jetty.servlet.ServletHandler$CachedChain.doFilter(ServletHandler.java:1084)
	at org.geoserver.platform.AdvancedDispatchFilter.doFilter(AdvancedDispatchFilter.java:49)
	at org.mortbay.jetty.servlet.ServletHandler$CachedChain.doFilter(ServletHandler.java:1084)
	at org.springframework.security.web.FilterChainProxy$VirtualFilterChain.doFilter(FilterChainProxy.java:311)
	at org.geoserver.security.filter.GeoServerCompositeFilter$NestedFilterChain.doFilter(GeoServerCompositeFilter.java:68)
	at org.springframework.security.web.access.intercept.FilterSecurityInterceptor.invoke(FilterSecurityInterceptor.java:116)
	at org.springframework.security.web.access.intercept.FilterSecurityInterceptor.doFilter(FilterSecurityInterceptor.java:83)
	at org.geoserver.security.filter.GeoServerCompositeFilter$NestedFilterChain.doFilter(GeoServerCompositeFilter.java:72)
	at org.geoserver.security.filter.GeoServerCompositeFilter.doFilter(GeoServerCompositeFilter.java:91)
	at org.springframework.security.web.FilterChainProxy$VirtualFilterChain.doFilter(FilterChainProxy.java:323)
	at org.geoserver.security.filter.GeoServerCompositeFilter$NestedFilterChain.doFilter(GeoServerCompositeFilter.java:68)
	at org.springframework.security.web.access.ExceptionTranslationFilter.doFilter(ExceptionTranslationFilter.java:113)
	at org.geoserver.security.filter.GeoServerCompositeFilter$NestedFilterChain.doFilter(GeoServerCompositeFilter.java:72)
	at org.geoserver.security.filter.GeoServerCompositeFilter.doFilter(GeoServerCompositeFilter.java:91)
	at org.springframework.security.web.FilterChainProxy$VirtualFilterChain.doFilter(FilterChainProxy.java:323)
	at org.geoserver.security.filter.GeoServerAnonymousAuthenticationFilter.doFilter(GeoServerAnonymousAuthenticationFilter.java:53)
	at org.springframework.security.web.FilterChainProxy$VirtualFilterChain.doFilter(FilterChainProxy.java:323)
	at org.geoserver.security.filter.GeoServerCompositeFilter$NestedFilterChain.doFilter(GeoServerCompositeFilter.java:68)
	at org.springframework.security.web.authentication.AbstractAuthenticationProcessingFilter.doFilter(AbstractAuthenticationProcessingFilter.java:182)
	at org.geoserver.security.filter.GeoServerCompositeFilter$NestedFilterChain.doFilter(GeoServerCompositeFilter.java:72)
	at org.geoserver.security.filter.GeoServerCompositeFilter.doFilter(GeoServerCompositeFilter.java:91)
	at org.geoserver.security.filter.GeoServerUserNamePasswordAuthenticationFilter.doFilter(GeoServerUserNamePasswordAuthenticationFilter.java:115)
	at org.springframework.security.web.FilterChainProxy$VirtualFilterChain.doFilter(FilterChainProxy.java:323)
	at org.geoserver.security.filter.GeoServerCompositeFilter$NestedFilterChain.doFilter(GeoServerCompositeFilter.java:68)
	at org.springframework.security.web.authentication.rememberme.RememberMeAuthenticationFilter.doFilter(RememberMeAuthenticationFilter.java:146)
	at org.geoserver.security.filter.GeoServerCompositeFilter$NestedFilterChain.doFilter(GeoServerCompositeFilter.java:72)
	at org.geoserver.security.filter.GeoServerCompositeFilter.doFilter(GeoServerCompositeFilter.java:91)
	at org.springframework.security.web.FilterChainProxy$VirtualFilterChain.doFilter(FilterChainProxy.java:323)
	at org.geoserver.security.filter.GeoServerCompositeFilter$NestedFilterChain.doFilter(GeoServerCompositeFilter.java:68)
	at org.springframework.security.web.context.SecurityContextPersistenceFilter.doFilter(SecurityContextPersistenceFilter.java:87)
	at org.geoserver.security.filter.GeoServerSecurityContextPersistenceFilter$1.doFilter(GeoServerSecurityContextPersistenceFilter.java:52)
	at org.geoserver.security.filter.GeoServerCompositeFilter$NestedFilterChain.doFilter(GeoServerCompositeFilter.java:72)
	at org.geoserver.security.filter.GeoServerCompositeFilter.doFilter(GeoServerCompositeFilter.java:91)
	at org.springframework.security.web.FilterChainProxy$VirtualFilterChain.doFilter(FilterChainProxy.java:323)
	at org.springframework.security.web.FilterChainProxy.doFilter(FilterChainProxy.java:173)
	at org.geoserver.security.GeoServerSecurityFilterChainProxy.doFilter(GeoServerSecurityFilterChainProxy.java:134)
	at org.springframework.web.filter.DelegatingFilterProxy.invokeDelegate(DelegatingFilterProxy.java:346)
	at org.springframework.web.filter.DelegatingFilterProxy.doFilter(DelegatingFilterProxy.java:259)
	at org.mortbay.jetty.servlet.ServletHandler$CachedChain.doFilter(ServletHandler.java:1084)
	at org.geoserver.filters.LoggingFilter.doFilter(LoggingFilter.java:75)
	at org.mortbay.jetty.servlet.ServletHandler$CachedChain.doFilter(ServletHandler.java:1084)
	at org.geoserver.filters.GZIPFilter.doFilter(GZIPFilter.java:42)
	at org.mortbay.jetty.servlet.ServletHandler$CachedChain.doFilter(ServletHandler.java:1084)
	at org.geoserver.filters.SessionDebugFilter.doFilter(SessionDebugFilter.java:47)
	at org.mortbay.jetty.servlet.ServletHandler$CachedChain.doFilter(ServletHandler.java:1084)
	at org.geoserver.filters.FlushSafeFilter.doFilter(FlushSafeFilter.java:43)
	at org.mortbay.jetty.servlet.ServletHandler$CachedChain.doFilter(ServletHandler.java:1084)
	at org.vfny.geoserver.filters.SetCharacterEncodingFilter.doFilter(SetCharacterEncodingFilter.java:109)
	at org.mortbay.jetty.servlet.ServletHandler$CachedChain.doFilter(ServletHandler.java:1084)
	at org.mortbay.jetty.servlet.ServletHandler.handle(ServletHandler.java:360)
	at org.mortbay.jetty.security.SecurityHandler.handle(SecurityHandler.java:216)
	at org.mortbay.jetty.servlet.SessionHandler.handle(SessionHandler.java:181)
	at org.mortbay.jetty.handler.ContextHandler.handle(ContextHandler.java:726)
	at org.mortbay.jetty.webapp.WebAppContext.handle(WebAppContext.java:405)
	at org.mortbay.jetty.handler.ContextHandlerCollection.handle(ContextHandlerCollection.java:206)
	at org.mortbay.jetty.handler.HandlerCollection.handle(HandlerCollection.java:114)
	at org.mortbay.jetty.handler.HandlerWrapper.handle(HandlerWrapper.java:152)
	at org.mortbay.jetty.Server.handle(Server.java:324)
	at org.mortbay.jetty.HttpConnection.handleRequest(HttpConnection.java:505)
	at org.mortbay.jetty.HttpConnection$RequestHandler.headerComplete(HttpConnection.java:828)
	at org.mortbay.jetty.HttpParser.parseNext(HttpParser.java:514)
	at org.mortbay.jetty.HttpParser.parseAvailable(HttpParser.java:211)
	at org.mortbay.jetty.HttpConnection.handle(HttpConnection.java:380)
	at org.mortbay.io.nio.SelectChannelEndPoint.run(SelectChannelEndPoint.java:395)
	at org.mortbay.thread.BoundedThreadPool$PoolThread.run(BoundedThreadPool.java:450)
2014-07-07 14:19:13,202 ERROR [config.impl] - Could not locate service of type interface org.geoserver.wps.WPSInfo, local workspace is null
2014-07-07 14:19:13,202 ERROR [config.impl] - Error occurred processing a configuration change listener
java.lang.NullPointerException
	at org.geoserver.wps.WPSInitializer.initWPS(WPSInitializer.java:55)
	at org.geoserver.wps.WPSInitializer$1.handlePostGlobalChange(WPSInitializer.java:47)
	at org.geoserver.config.impl.GeoServerImpl.fireGlobalPostModified(GeoServerImpl.java:311)
	at org.geoserver.config.impl.GeoServerImpl.save(GeoServerImpl.java:298)
	at org.geoserver.config.UpdateSequenceListener.incrementSequence(UpdateSequenceListener.java:40)
	at org.geoserver.config.UpdateSequenceListener.handlePostGlobalChange(UpdateSequenceListener.java:99)
	at org.geoserver.config.impl.GeoServerImpl.fireGlobalPostModified(GeoServerImpl.java:311)
	at org.geoserver.config.impl.GeoServerImpl.setGlobal(GeoServerImpl.java:106)
	at org.geoserver.config.GeoServerLoader.readConfiguration(GeoServerLoader.java:610)
	at org.geoserver.config.DefaultGeoServerLoader.loadGeoServer(DefaultGeoServerLoader.java:72)
	at org.geoserver.config.GeoServerLoader.reload(GeoServerLoader.java:211)
	at org.geoserver.config.GeoServerLoaderProxy.reload(GeoServerLoaderProxy.java:65)
	at org.geoserver.config.impl.GeoServerImpl.reload(GeoServerImpl.java:439)
	at org.geoserver.web.admin.StatusPage$5.onClick(StatusPage.java:156)
	at org.apache.wicket.ajax.markup.html.AjaxLink$1.onEvent(AjaxLink.java:68)
	at org.apache.wicket.ajax.AjaxEventBehavior.respond(AjaxEventBehavior.java:177)
	at org.apache.wicket.ajax.AbstractDefaultAjaxBehavior.onRequest(AbstractDefaultAjaxBehavior.java:300)
	at org.apache.wicket.request.target.component.listener.BehaviorRequestTarget.processEvents(BehaviorRequestTarget.java:119)
	at org.apache.wicket.request.AbstractRequestCycleProcessor.processEvents(AbstractRequestCycleProcessor.java:92)
	at org.apache.wicket.RequestCycle.processEventsAndRespond(RequestCycle.java:1250)
	at org.apache.wicket.RequestCycle.step(RequestCycle.java:1329)
	at org.apache.wicket.RequestCycle.steps(RequestCycle.java:1436)
	at org.apache.wicket.RequestCycle.request(RequestCycle.java:545)
	at org.apache.wicket.protocol.http.WicketFilter.doGet(WicketFilter.java:484)
	at org.apache.wicket.protocol.http.WicketServlet.doGet(WicketServlet.java:138)
	at javax.servlet.http.HttpServlet.service(HttpServlet.java:707)
	at javax.servlet.http.HttpServlet.service(HttpServlet.java:820)
	at org.springframework.web.servlet.mvc.ServletWrappingController.handleRequestInternal(ServletWrappingController.java:159)
	at org.springframework.web.servlet.mvc.AbstractController.handleRequest(AbstractController.java:153)
	at org.springframework.web.servlet.mvc.SimpleControllerHandlerAdapter.handle(SimpleControllerHandlerAdapter.java:48)
	at org.springframework.web.servlet.DispatcherServlet.doDispatch(DispatcherServlet.java:923)
	at org.springframework.web.servlet.DispatcherServlet.doService(DispatcherServlet.java:852)
	at org.springframework.web.servlet.FrameworkServlet.processRequest(FrameworkServlet.java:882)
	at org.springframework.web.servlet.FrameworkServlet.doGet(FrameworkServlet.java:778)
	at javax.servlet.http.HttpServlet.service(HttpServlet.java:707)
	at javax.servlet.http.HttpServlet.service(HttpServlet.java:820)
	at org.mortbay.jetty.servlet.ServletHolder.handle(ServletHolder.java:487)
	at org.mortbay.jetty.servlet.ServletHandler$CachedChain.doFilter(ServletHandler.java:1093)
	at org.geoserver.filters.ThreadLocalsCleanupFilter.doFilter(ThreadLocalsCleanupFilter.java:27)
	at org.mortbay.jetty.servlet.ServletHandler$CachedChain.doFilter(ServletHandler.java:1084)
	at org.geoserver.filters.SpringDelegatingFilter$Chain.doFilter(SpringDelegatingFilter.java:74)
	at org.geoserver.filters.SpringDelegatingFilter.doFilter(SpringDelegatingFilter.java:45)
	at org.mortbay.jetty.servlet.ServletHandler$CachedChain.doFilter(ServletHandler.java:1084)
	at org.geoserver.platform.AdvancedDispatchFilter.doFilter(AdvancedDispatchFilter.java:49)
	at org.mortbay.jetty.servlet.ServletHandler$CachedChain.doFilter(ServletHandler.java:1084)
	at org.springframework.security.web.FilterChainProxy$VirtualFilterChain.doFilter(FilterChainProxy.java:311)
	at org.geoserver.security.filter.GeoServerCompositeFilter$NestedFilterChain.doFilter(GeoServerCompositeFilter.java:68)
	at org.springframework.security.web.access.intercept.FilterSecurityInterceptor.invoke(FilterSecurityInterceptor.java:116)
	at org.springframework.security.web.access.intercept.FilterSecurityInterceptor.doFilter(FilterSecurityInterceptor.java:83)
	at org.geoserver.security.filter.GeoServerCompositeFilter$NestedFilterChain.doFilter(GeoServerCompositeFilter.java:72)
	at org.geoserver.security.filter.GeoServerCompositeFilter.doFilter(GeoServerCompositeFilter.java:91)
	at org.springframework.security.web.FilterChainProxy$VirtualFilterChain.doFilter(FilterChainProxy.java:323)
	at org.geoserver.security.filter.GeoServerCompositeFilter$NestedFilterChain.doFilter(GeoServerCompositeFilter.java:68)
	at org.springframework.security.web.access.ExceptionTranslationFilter.doFilter(ExceptionTranslationFilter.java:113)
	at org.geoserver.security.filter.GeoServerCompositeFilter$NestedFilterChain.doFilter(GeoServerCompositeFilter.java:72)
	at org.geoserver.security.filter.GeoServerCompositeFilter.doFilter(GeoServerCompositeFilter.java:91)
	at org.springframework.security.web.FilterChainProxy$VirtualFilterChain.doFilter(FilterChainProxy.java:323)
	at org.geoserver.security.filter.GeoServerAnonymousAuthenticationFilter.doFilter(GeoServerAnonymousAuthenticationFilter.java:53)
	at org.springframework.security.web.FilterChainProxy$VirtualFilterChain.doFilter(FilterChainProxy.java:323)
	at org.geoserver.security.filter.GeoServerCompositeFilter$NestedFilterChain.doFilter(GeoServerCompositeFilter.java:68)
	at org.springframework.security.web.authentication.AbstractAuthenticationProcessingFilter.doFilter(AbstractAuthenticationProcessingFilter.java:182)
	at org.geoserver.security.filter.GeoServerCompositeFilter$NestedFilterChain.doFilter(GeoServerCompositeFilter.java:72)
	at org.geoserver.security.filter.GeoServerCompositeFilter.doFilter(GeoServerCompositeFilter.java:91)
	at org.geoserver.security.filter.GeoServerUserNamePasswordAuthenticationFilter.doFilter(GeoServerUserNamePasswordAuthenticationFilter.java:115)
	at org.springframework.security.web.FilterChainProxy$VirtualFilterChain.doFilter(FilterChainProxy.java:323)
	at org.geoserver.security.filter.GeoServerCompositeFilter$NestedFilterChain.doFilter(GeoServerCompositeFilter.java:68)
	at org.springframework.security.web.authentication.rememberme.RememberMeAuthenticationFilter.doFilter(RememberMeAuthenticationFilter.java:146)
	at org.geoserver.security.filter.GeoServerCompositeFilter$NestedFilterChain.doFilter(GeoServerCompositeFilter.java:72)
	at org.geoserver.security.filter.GeoServerCompositeFilter.doFilter(GeoServerCompositeFilter.java:91)
	at org.springframework.security.web.FilterChainProxy$VirtualFilterChain.doFilter(FilterChainProxy.java:323)
	at org.geoserver.security.filter.GeoServerCompositeFilter$NestedFilterChain.doFilter(GeoServerCompositeFilter.java:68)
	at org.springframework.security.web.context.SecurityContextPersistenceFilter.doFilter(SecurityContextPersistenceFilter.java:87)
	at org.geoserver.security.filter.GeoServerSecurityContextPersistenceFilter$1.doFilter(GeoServerSecurityContextPersistenceFilter.java:52)
	at org.geoserver.security.filter.GeoServerCompositeFilter$NestedFilterChain.doFilter(GeoServerCompositeFilter.java:72)
	at org.geoserver.security.filter.GeoServerCompositeFilter.doFilter(GeoServerCompositeFilter.java:91)
	at org.springframework.security.web.FilterChainProxy$VirtualFilterChain.doFilter(FilterChainProxy.java:323)
	at org.springframework.security.web.FilterChainProxy.doFilter(FilterChainProxy.java:173)
	at org.geoserver.security.GeoServerSecurityFilterChainProxy.doFilter(GeoServerSecurityFilterChainProxy.java:134)
	at org.springframework.web.filter.DelegatingFilterProxy.invokeDelegate(DelegatingFilterProxy.java:346)
	at org.springframework.web.filter.DelegatingFilterProxy.doFilter(DelegatingFilterProxy.java:259)
	at org.mortbay.jetty.servlet.ServletHandler$CachedChain.doFilter(ServletHandler.java:1084)
	at org.geoserver.filters.LoggingFilter.doFilter(LoggingFilter.java:75)
	at org.mortbay.jetty.servlet.ServletHandler$CachedChain.doFilter(ServletHandler.java:1084)
	at org.geoserver.filters.GZIPFilter.doFilter(GZIPFilter.java:42)
	at org.mortbay.jetty.servlet.ServletHandler$CachedChain.doFilter(ServletHandler.java:1084)
	at org.geoserver.filters.SessionDebugFilter.doFilter(SessionDebugFilter.java:47)
	at org.mortbay.jetty.servlet.ServletHandler$CachedChain.doFilter(ServletHandler.java:1084)
	at org.geoserver.filters.FlushSafeFilter.doFilter(FlushSafeFilter.java:43)
	at org.mortbay.jetty.servlet.ServletHandler$CachedChain.doFilter(ServletHandler.java:1084)
	at org.vfny.geoserver.filters.SetCharacterEncodingFilter.doFilter(SetCharacterEncodingFilter.java:109)
	at org.mortbay.jetty.servlet.ServletHandler$CachedChain.doFilter(ServletHandler.java:1084)
	at org.mortbay.jetty.servlet.ServletHandler.handle(ServletHandler.java:360)
	at org.mortbay.jetty.security.SecurityHandler.handle(SecurityHandler.java:216)
	at org.mortbay.jetty.servlet.SessionHandler.handle(SessionHandler.java:181)
	at org.mortbay.jetty.handler.ContextHandler.handle(ContextHandler.java:726)
	at org.mortbay.jetty.webapp.WebAppContext.handle(WebAppContext.java:405)
	at org.mortbay.jetty.handler.ContextHandlerCollection.handle(ContextHandlerCollection.java:206)
	at org.mortbay.jetty.handler.HandlerCollection.handle(HandlerCollection.java:114)
	at org.mortbay.jetty.handler.HandlerWrapper.handle(HandlerWrapper.java:152)
	at org.mortbay.jetty.Server.handle(Server.java:324)
	at org.mortbay.jetty.HttpConnection.handleRequest(HttpConnection.java:505)
	at org.mortbay.jetty.HttpConnection$RequestHandler.headerComplete(HttpConnection.java:828)
	at org.mortbay.jetty.HttpParser.parseNext(HttpParser.java:514)
	at org.mortbay.jetty.HttpParser.parseAvailable(HttpParser.java:211)
	at org.mortbay.jetty.HttpConnection.handle(HttpConnection.java:380)
	at org.mortbay.io.nio.SelectChannelEndPoint.run(SelectChannelEndPoint.java:395)
	at org.mortbay.thread.BoundedThreadPool$PoolThread.run(BoundedThreadPool.java:450)
2014-07-07 14:19:13,218 ERROR [config.impl] - Could not locate service of type interface org.geoserver.wps.WPSInfo, local workspace is null
2014-07-07 14:19:13,218 ERROR [config.impl] - Error occurred processing a configuration change listener
java.lang.NullPointerException
	at org.geoserver.wps.WPSInitializer.initWPS(WPSInitializer.java:55)
	at org.geoserver.wps.WPSInitializer$1.handlePostGlobalChange(WPSInitializer.java:47)
	at org.geoserver.config.impl.GeoServerImpl.fireGlobalPostModified(GeoServerImpl.java:311)
	at org.geoserver.config.impl.GeoServerImpl.save(GeoServerImpl.java:298)
	at org.geoserver.config.UpdateSequenceListener.incrementSequence(UpdateSequenceListener.java:40)
	at org.geoserver.config.UpdateSequenceListener.handleSettingsAdded(UpdateSequenceListener.java:74)
	at org.geoserver.config.impl.GeoServerImpl.fireSettingsAdded(GeoServerImpl.java:162)
	at org.geoserver.config.impl.GeoServerImpl.add(GeoServerImpl.java:132)
	at org.geoserver.config.GeoServerLoader.readConfiguration(GeoServerLoader.java:629)
	at org.geoserver.config.DefaultGeoServerLoader.loadGeoServer(DefaultGeoServerLoader.java:72)
	at org.geoserver.config.GeoServerLoader.reload(GeoServerLoader.java:211)
	at org.geoserver.config.GeoServerLoaderProxy.reload(GeoServerLoaderProxy.java:65)
	at org.geoserver.config.impl.GeoServerImpl.reload(GeoServerImpl.java:439)
	at org.geoserver.web.admin.StatusPage$5.onClick(StatusPage.java:156)
	at org.apache.wicket.ajax.markup.html.AjaxLink$1.onEvent(AjaxLink.java:68)
	at org.apache.wicket.ajax.AjaxEventBehavior.respond(AjaxEventBehavior.java:177)
	at org.apache.wicket.ajax.AbstractDefaultAjaxBehavior.onRequest(AbstractDefaultAjaxBehavior.java:300)
	at org.apache.wicket.request.target.component.listener.BehaviorRequestTarget.processEvents(BehaviorRequestTarget.java:119)
	at org.apache.wicket.request.AbstractRequestCycleProcessor.processEvents(AbstractRequestCycleProcessor.java:92)
	at org.apache.wicket.RequestCycle.processEventsAndRespond(RequestCycle.java:1250)
	at org.apache.wicket.RequestCycle.step(RequestCycle.java:1329)
	at org.apache.wicket.RequestCycle.steps(RequestCycle.java:1436)
	at org.apache.wicket.RequestCycle.request(RequestCycle.java:545)
	at org.apache.wicket.protocol.http.WicketFilter.doGet(WicketFilter.java:484)
	at org.apache.wicket.protocol.http.WicketServlet.doGet(WicketServlet.java:138)
	at javax.servlet.http.HttpServlet.service(HttpServlet.java:707)
	at javax.servlet.http.HttpServlet.service(HttpServlet.java:820)
	at org.springframework.web.servlet.mvc.ServletWrappingController.handleRequestInternal(ServletWrappingController.java:159)
	at org.springframework.web.servlet.mvc.AbstractController.handleRequest(AbstractController.java:153)
	at org.springframework.web.servlet.mvc.SimpleControllerHandlerAdapter.handle(SimpleControllerHandlerAdapter.java:48)
	at org.springframework.web.servlet.DispatcherServlet.doDispatch(DispatcherServlet.java:923)
	at org.springframework.web.servlet.DispatcherServlet.doService(DispatcherServlet.java:852)
	at org.springframework.web.servlet.FrameworkServlet.processRequest(FrameworkServlet.java:882)
	at org.springframework.web.servlet.FrameworkServlet.doGet(FrameworkServlet.java:778)
	at javax.servlet.http.HttpServlet.service(HttpServlet.java:707)
	at javax.servlet.http.HttpServlet.service(HttpServlet.java:820)
	at org.mortbay.jetty.servlet.ServletHolder.handle(ServletHolder.java:487)
	at org.mortbay.jetty.servlet.ServletHandler$CachedChain.doFilter(ServletHandler.java:1093)
	at org.geoserver.filters.ThreadLocalsCleanupFilter.doFilter(ThreadLocalsCleanupFilter.java:27)
	at org.mortbay.jetty.servlet.ServletHandler$CachedChain.doFilter(ServletHandler.java:1084)
	at org.geoserver.filters.SpringDelegatingFilter$Chain.doFilter(SpringDelegatingFilter.java:74)
	at org.geoserver.filters.SpringDelegatingFilter.doFilter(SpringDelegatingFilter.java:45)
	at org.mortbay.jetty.servlet.ServletHandler$CachedChain.doFilter(ServletHandler.java:1084)
	at org.geoserver.platform.AdvancedDispatchFilter.doFilter(AdvancedDispatchFilter.java:49)
	at org.mortbay.jetty.servlet.ServletHandler$CachedChain.doFilter(ServletHandler.java:1084)
	at org.springframework.security.web.FilterChainProxy$VirtualFilterChain.doFilter(FilterChainProxy.java:311)
	at org.geoserver.security.filter.GeoServerCompositeFilter$NestedFilterChain.doFilter(GeoServerCompositeFilter.java:68)
	at org.springframework.security.web.access.intercept.FilterSecurityInterceptor.invoke(FilterSecurityInterceptor.java:116)
	at org.springframework.security.web.access.intercept.FilterSecurityInterceptor.doFilter(FilterSecurityInterceptor.java:83)
	at org.geoserver.security.filter.GeoServerCompositeFilter$NestedFilterChain.doFilter(GeoServerCompositeFilter.java:72)
	at org.geoserver.security.filter.GeoServerCompositeFilter.doFilter(GeoServerCompositeFilter.java:91)
	at org.springframework.security.web.FilterChainProxy$VirtualFilterChain.doFilter(FilterChainProxy.java:323)
	at org.geoserver.security.filter.GeoServerCompositeFilter$NestedFilterChain.doFilter(GeoServerCompositeFilter.java:68)
	at org.springframework.security.web.access.ExceptionTranslationFilter.doFilter(ExceptionTranslationFilter.java:113)
	at org.geoserver.security.filter.GeoServerCompositeFilter$NestedFilterChain.doFilter(GeoServerCompositeFilter.java:72)
	at org.geoserver.security.filter.GeoServerCompositeFilter.doFilter(GeoServerCompositeFilter.java:91)
	at org.springframework.security.web.FilterChainProxy$VirtualFilterChain.doFilter(FilterChainProxy.java:323)
	at org.geoserver.security.filter.GeoServerAnonymousAuthenticationFilter.doFilter(GeoServerAnonymousAuthenticationFilter.java:53)
	at org.springframework.security.web.FilterChainProxy$VirtualFilterChain.doFilter(FilterChainProxy.java:323)
	at org.geoserver.security.filter.GeoServerCompositeFilter$NestedFilterChain.doFilter(GeoServerCompositeFilter.java:68)
	at org.springframework.security.web.authentication.AbstractAuthenticationProcessingFilter.doFilter(AbstractAuthenticationProcessingFilter.java:182)
	at org.geoserver.security.filter.GeoServerCompositeFilter$NestedFilterChain.doFilter(GeoServerCompositeFilter.java:72)
	at org.geoserver.security.filter.GeoServerCompositeFilter.doFilter(GeoServerCompositeFilter.java:91)
	at org.geoserver.security.filter.GeoServerUserNamePasswordAuthenticationFilter.doFilter(GeoServerUserNamePasswordAuthenticationFilter.java:115)
	at org.springframework.security.web.FilterChainProxy$VirtualFilterChain.doFilter(FilterChainProxy.java:323)
	at org.geoserver.security.filter.GeoServerCompositeFilter$NestedFilterChain.doFilter(GeoServerCompositeFilter.java:68)
	at org.springframework.security.web.authentication.rememberme.RememberMeAuthenticationFilter.doFilter(RememberMeAuthenticationFilter.java:146)
	at org.geoserver.security.filter.GeoServerCompositeFilter$NestedFilterChain.doFilter(GeoServerCompositeFilter.java:72)
	at org.geoserver.security.filter.GeoServerCompositeFilter.doFilter(GeoServerCompositeFilter.java:91)
	at org.springframework.security.web.FilterChainProxy$VirtualFilterChain.doFilter(FilterChainProxy.java:323)
	at org.geoserver.security.filter.GeoServerCompositeFilter$NestedFilterChain.doFilter(GeoServerCompositeFilter.java:68)
	at org.springframework.security.web.context.SecurityContextPersistenceFilter.doFilter(SecurityContextPersistenceFilter.java:87)
	at org.geoserver.security.filter.GeoServerSecurityContextPersistenceFilter$1.doFilter(GeoServerSecurityContextPersistenceFilter.java:52)
	at org.geoserver.security.filter.GeoServerCompositeFilter$NestedFilterChain.doFilter(GeoServerCompositeFilter.java:72)
	at org.geoserver.security.filter.GeoServerCompositeFilter.doFilter(GeoServerCompositeFilter.java:91)
	at org.springframework.security.web.FilterChainProxy$VirtualFilterChain.doFilter(FilterChainProxy.java:323)
	at org.springframework.security.web.FilterChainProxy.doFilter(FilterChainProxy.java:173)
	at org.geoserver.security.GeoServerSecurityFilterChainProxy.doFilter(GeoServerSecurityFilterChainProxy.java:134)
	at org.springframework.web.filter.DelegatingFilterProxy.invokeDelegate(DelegatingFilterProxy.java:346)
	at org.springframework.web.filter.DelegatingFilterProxy.doFilter(DelegatingFilterProxy.java:259)
	at org.mortbay.jetty.servlet.ServletHandler$CachedChain.doFilter(ServletHandler.java:1084)
	at org.geoserver.filters.LoggingFilter.doFilter(LoggingFilter.java:75)
	at org.mortbay.jetty.servlet.ServletHandler$CachedChain.doFilter(ServletHandler.java:1084)
	at org.geoserver.filters.GZIPFilter.doFilter(GZIPFilter.java:42)
	at org.mortbay.jetty.servlet.ServletHandler$CachedChain.doFilter(ServletHandler.java:1084)
	at org.geoserver.filters.SessionDebugFilter.doFilter(SessionDebugFilter.java:47)
	at org.mortbay.jetty.servlet.ServletHandler$CachedChain.doFilter(ServletHandler.java:1084)
	at org.geoserver.filters.FlushSafeFilter.doFilter(FlushSafeFilter.java:43)
	at org.mortbay.jetty.servlet.ServletHandler$CachedChain.doFilter(ServletHandler.java:1084)
	at org.vfny.geoserver.filters.SetCharacterEncodingFilter.doFilter(SetCharacterEncodingFilter.java:109)
	at org.mortbay.jetty.servlet.ServletHandler$CachedChain.doFilter(ServletHandler.java:1084)
	at org.mortbay.jetty.servlet.ServletHandler.handle(ServletHandler.java:360)
	at org.mortbay.jetty.security.SecurityHandler.handle(SecurityHandler.java:216)
	at org.mortbay.jetty.servlet.SessionHandler.handle(SessionHandler.java:181)
	at org.mortbay.jetty.handler.ContextHandler.handle(ContextHandler.java:726)
	at org.mortbay.jetty.webapp.WebAppContext.handle(WebAppContext.java:405)
	at org.mortbay.jetty.handler.ContextHandlerCollection.handle(ContextHandlerCollection.java:206)
	at org.mortbay.jetty.handler.HandlerCollection.handle(HandlerCollection.java:114)
	at org.mortbay.jetty.handler.HandlerWrapper.handle(HandlerWrapper.java:152)
	at org.mortbay.jetty.Server.handle(Server.java:324)
	at org.mortbay.jetty.HttpConnection.handleRequest(HttpConnection.java:505)
	at org.mortbay.jetty.HttpConnection$RequestHandler.headerComplete(HttpConnection.java:828)
	at org.mortbay.jetty.HttpParser.parseNext(HttpParser.java:514)
	at org.mortbay.jetty.HttpParser.parseAvailable(HttpParser.java:211)
	at org.mortbay.jetty.HttpConnection.handle(HttpConnection.java:380)
	at org.mortbay.io.nio.SelectChannelEndPoint.run(SelectChannelEndPoint.java:395)
	at org.mortbay.thread.BoundedThreadPool$PoolThread.run(BoundedThreadPool.java:450)
2014-07-07 14:19:13,233 ERROR [config.impl] - Could not locate service of type interface org.geoserver.wps.WPSInfo, local workspace is null
2014-07-07 14:19:13,233 ERROR [config.impl] - Error occurred processing a configuration change listener
java.lang.NullPointerException
	at org.geoserver.wps.WPSInitializer.initWPS(WPSInitializer.java:55)
	at org.geoserver.wps.WPSInitializer$1.handlePostGlobalChange(WPSInitializer.java:47)
	at org.geoserver.config.impl.GeoServerImpl.fireGlobalPostModified(GeoServerImpl.java:311)
	at org.geoserver.config.impl.GeoServerImpl.save(GeoServerImpl.java:298)
	at org.geoserver.config.UpdateSequenceListener.incrementSequence(UpdateSequenceListener.java:40)
	at org.geoserver.config.UpdateSequenceListener.handlePostServiceChange(UpdateSequenceListener.java:107)
	at org.geoserver.config.impl.GeoServerImpl.firePostServiceModified(GeoServerImpl.java:385)
	at org.geoserver.config.impl.GeoServerImpl.add(GeoServerImpl.java:236)
	at org.geoserver.config.GeoServerLoader.loadServices(GeoServerLoader.java:707)
	at org.geoserver.config.GeoServerLoader.readConfiguration(GeoServerLoader.java:637)
	at org.geoserver.config.DefaultGeoServerLoader.loadGeoServer(DefaultGeoServerLoader.java:72)
	at org.geoserver.config.GeoServerLoader.reload(GeoServerLoader.java:211)
	at org.geoserver.config.GeoServerLoaderProxy.reload(GeoServerLoaderProxy.java:65)
	at org.geoserver.config.impl.GeoServerImpl.reload(GeoServerImpl.java:439)
	at org.geoserver.web.admin.StatusPage$5.onClick(StatusPage.java:156)
	at org.apache.wicket.ajax.markup.html.AjaxLink$1.onEvent(AjaxLink.java:68)
	at org.apache.wicket.ajax.AjaxEventBehavior.respond(AjaxEventBehavior.java:177)
	at org.apache.wicket.ajax.AbstractDefaultAjaxBehavior.onRequest(AbstractDefaultAjaxBehavior.java:300)
	at org.apache.wicket.request.target.component.listener.BehaviorRequestTarget.processEvents(BehaviorRequestTarget.java:119)
	at org.apache.wicket.request.AbstractRequestCycleProcessor.processEvents(AbstractRequestCycleProcessor.java:92)
	at org.apache.wicket.RequestCycle.processEventsAndRespond(RequestCycle.java:1250)
	at org.apache.wicket.RequestCycle.step(RequestCycle.java:1329)
	at org.apache.wicket.RequestCycle.steps(RequestCycle.java:1436)
	at org.apache.wicket.RequestCycle.request(RequestCycle.java:545)
	at org.apache.wicket.protocol.http.WicketFilter.doGet(WicketFilter.java:484)
	at org.apache.wicket.protocol.http.WicketServlet.doGet(WicketServlet.java:138)
	at javax.servlet.http.HttpServlet.service(HttpServlet.java:707)
	at javax.servlet.http.HttpServlet.service(HttpServlet.java:820)
	at org.springframework.web.servlet.mvc.ServletWrappingController.handleRequestInternal(ServletWrappingController.java:159)
	at org.springframework.web.servlet.mvc.AbstractController.handleRequest(AbstractController.java:153)
	at org.springframework.web.servlet.mvc.SimpleControllerHandlerAdapter.handle(SimpleControllerHandlerAdapter.java:48)
	at org.springframework.web.servlet.DispatcherServlet.doDispatch(DispatcherServlet.java:923)
	at org.springframework.web.servlet.DispatcherServlet.doService(DispatcherServlet.java:852)
	at org.springframework.web.servlet.FrameworkServlet.processRequest(FrameworkServlet.java:882)
	at org.springframework.web.servlet.FrameworkServlet.doGet(FrameworkServlet.java:778)
	at javax.servlet.http.HttpServlet.service(HttpServlet.java:707)
	at javax.servlet.http.HttpServlet.service(HttpServlet.java:820)
	at org.mortbay.jetty.servlet.ServletHolder.handle(ServletHolder.java:487)
	at org.mortbay.jetty.servlet.ServletHandler$CachedChain.doFilter(ServletHandler.java:1093)
	at org.geoserver.filters.ThreadLocalsCleanupFilter.doFilter(ThreadLocalsCleanupFilter.java:27)
	at org.mortbay.jetty.servlet.ServletHandler$CachedChain.doFilter(ServletHandler.java:1084)
	at org.geoserver.filters.SpringDelegatingFilter$Chain.doFilter(SpringDelegatingFilter.java:74)
	at org.geoserver.filters.SpringDelegatingFilter.doFilter(SpringDelegatingFilter.java:45)
	at org.mortbay.jetty.servlet.ServletHandler$CachedChain.doFilter(ServletHandler.java:1084)
	at org.geoserver.platform.AdvancedDispatchFilter.doFilter(AdvancedDispatchFilter.java:49)
	at org.mortbay.jetty.servlet.ServletHandler$CachedChain.doFilter(ServletHandler.java:1084)
	at org.springframework.security.web.FilterChainProxy$VirtualFilterChain.doFilter(FilterChainProxy.java:311)
	at org.geoserver.security.filter.GeoServerCompositeFilter$NestedFilterChain.doFilter(GeoServerCompositeFilter.java:68)
	at org.springframework.security.web.access.intercept.FilterSecurityInterceptor.invoke(FilterSecurityInterceptor.java:116)
	at org.springframework.security.web.access.intercept.FilterSecurityInterceptor.doFilter(FilterSecurityInterceptor.java:83)
	at org.geoserver.security.filter.GeoServerCompositeFilter$NestedFilterChain.doFilter(GeoServerCompositeFilter.java:72)
	at org.geoserver.security.filter.GeoServerCompositeFilter.doFilter(GeoServerCompositeFilter.java:91)
	at org.springframework.security.web.FilterChainProxy$VirtualFilterChain.doFilter(FilterChainProxy.java:323)
	at org.geoserver.security.filter.GeoServerCompositeFilter$NestedFilterChain.doFilter(GeoServerCompositeFilter.java:68)
	at org.springframework.security.web.access.ExceptionTranslationFilter.doFilter(ExceptionTranslationFilter.java:113)
	at org.geoserver.security.filter.GeoServerCompositeFilter$NestedFilterChain.doFilter(GeoServerCompositeFilter.java:72)
	at org.geoserver.security.filter.GeoServerCompositeFilter.doFilter(GeoServerCompositeFilter.java:91)
	at org.springframework.security.web.FilterChainProxy$VirtualFilterChain.doFilter(FilterChainProxy.java:323)
	at org.geoserver.security.filter.GeoServerAnonymousAuthenticationFilter.doFilter(GeoServerAnonymousAuthenticationFilter.java:53)
	at org.springframework.security.web.FilterChainProxy$VirtualFilterChain.doFilter(FilterChainProxy.java:323)
	at org.geoserver.security.filter.GeoServerCompositeFilter$NestedFilterChain.doFilter(GeoServerCompositeFilter.java:68)
	at org.springframework.security.web.authentication.AbstractAuthenticationProcessingFilter.doFilter(AbstractAuthenticationProcessingFilter.java:182)
	at org.geoserver.security.filter.GeoServerCompositeFilter$NestedFilterChain.doFilter(GeoServerCompositeFilter.java:72)
	at org.geoserver.security.filter.GeoServerCompositeFilter.doFilter(GeoServerCompositeFilter.java:91)
	at org.geoserver.security.filter.GeoServerUserNamePasswordAuthenticationFilter.doFilter(GeoServerUserNamePasswordAuthenticationFilter.java:115)
	at org.springframework.security.web.FilterChainProxy$VirtualFilterChain.doFilter(FilterChainProxy.java:323)
	at org.geoserver.security.filter.GeoServerCompositeFilter$NestedFilterChain.doFilter(GeoServerCompositeFilter.java:68)
	at org.springframework.security.web.authentication.rememberme.RememberMeAuthenticationFilter.doFilter(RememberMeAuthenticationFilter.java:146)
	at org.geoserver.security.filter.GeoServerCompositeFilter$NestedFilterChain.doFilter(GeoServerCompositeFilter.java:72)
	at org.geoserver.security.filter.GeoServerCompositeFilter.doFilter(GeoServerCompositeFilter.java:91)
	at org.springframework.security.web.FilterChainProxy$VirtualFilterChain.doFilter(FilterChainProxy.java:323)
	at org.geoserver.security.filter.GeoServerCompositeFilter$NestedFilterChain.doFilter(GeoServerCompositeFilter.java:68)
	at org.springframework.security.web.context.SecurityContextPersistenceFilter.doFilter(SecurityContextPersistenceFilter.java:87)
	at org.geoserver.security.filter.GeoServerSecurityContextPersistenceFilter$1.doFilter(GeoServerSecurityContextPersistenceFilter.java:52)
	at org.geoserver.security.filter.GeoServerCompositeFilter$NestedFilterChain.doFilter(GeoServerCompositeFilter.java:72)
	at org.geoserver.security.filter.GeoServerCompositeFilter.doFilter(GeoServerCompositeFilter.java:91)
	at org.springframework.security.web.FilterChainProxy$VirtualFilterChain.doFilter(FilterChainProxy.java:323)
	at org.springframework.security.web.FilterChainProxy.doFilter(FilterChainProxy.java:173)
	at org.geoserver.security.GeoServerSecurityFilterChainProxy.doFilter(GeoServerSecurityFilterChainProxy.java:134)
	at org.springframework.web.filter.DelegatingFilterProxy.invokeDelegate(DelegatingFilterProxy.java:346)
	at org.springframework.web.filter.DelegatingFilterProxy.doFilter(DelegatingFilterProxy.java:259)
	at org.mortbay.jetty.servlet.ServletHandler$CachedChain.doFilter(ServletHandler.java:1084)
	at org.geoserver.filters.LoggingFilter.doFilter(LoggingFilter.java:75)
	at org.mortbay.jetty.servlet.ServletHandler$CachedChain.doFilter(ServletHandler.java:1084)
	at org.geoserver.filters.GZIPFilter.doFilter(GZIPFilter.java:42)
	at org.mortbay.jetty.servlet.ServletHandler$CachedChain.doFilter(ServletHandler.java:1084)
	at org.geoserver.filters.SessionDebugFilter.doFilter(SessionDebugFilter.java:47)
	at org.mortbay.jetty.servlet.ServletHandler$CachedChain.doFilter(ServletHandler.java:1084)
	at org.geoserver.filters.FlushSafeFilter.doFilter(FlushSafeFilter.java:43)
	at org.mortbay.jetty.servlet.ServletHandler$CachedChain.doFilter(ServletHandler.java:1084)
	at org.vfny.geoserver.filters.SetCharacterEncodingFilter.doFilter(SetCharacterEncodingFilter.java:109)
	at org.mortbay.jetty.servlet.ServletHandler$CachedChain.doFilter(ServletHandler.java:1084)
	at org.mortbay.jetty.servlet.ServletHandler.handle(ServletHandler.java:360)
	at org.mortbay.jetty.security.SecurityHandler.handle(SecurityHandler.java:216)
	at org.mortbay.jetty.servlet.SessionHandler.handle(SessionHandler.java:181)
	at org.mortbay.jetty.handler.ContextHandler.handle(ContextHandler.java:726)
	at org.mortbay.jetty.webapp.WebAppContext.handle(WebAppContext.java:405)
	at org.mortbay.jetty.handler.ContextHandlerCollection.handle(ContextHandlerCollection.java:206)
	at org.mortbay.jetty.handler.HandlerCollection.handle(HandlerCollection.java:114)
	at org.mortbay.jetty.handler.HandlerWrapper.handle(HandlerWrapper.java:152)
	at org.mortbay.jetty.Server.handle(Server.java:324)
	at org.mortbay.jetty.HttpConnection.handleRequest(HttpConnection.java:505)
	at org.mortbay.jetty.HttpConnection$RequestHandler.headerComplete(HttpConnection.java:828)
	at org.mortbay.jetty.HttpParser.parseNext(HttpParser.java:514)
	at org.mortbay.jetty.HttpParser.parseAvailable(HttpParser.java:211)
	at org.mortbay.jetty.HttpConnection.handle(HttpConnection.java:380)
	at org.mortbay.io.nio.SelectChannelEndPoint.run(SelectChannelEndPoint.java:395)
	at org.mortbay.thread.BoundedThreadPool$PoolThread.run(BoundedThreadPool.java:450)
2014-07-07 14:19:13,249 ERROR [config.impl] - Could not locate service of type interface org.geoserver.wps.WPSInfo, local workspace is null
2014-07-07 14:19:13,249 ERROR [config.impl] - Error occurred processing a configuration change listener
java.lang.NullPointerException
	at org.geoserver.wps.WPSInitializer.initWPS(WPSInitializer.java:55)
	at org.geoserver.wps.WPSInitializer$1.handlePostGlobalChange(WPSInitializer.java:47)
	at org.geoserver.config.impl.GeoServerImpl.fireGlobalPostModified(GeoServerImpl.java:311)
	at org.geoserver.config.impl.GeoServerImpl.save(GeoServerImpl.java:298)
	at org.geoserver.config.UpdateSequenceListener.incrementSequence(UpdateSequenceListener.java:40)
	at org.geoserver.config.UpdateSequenceListener.handlePostServiceChange(UpdateSequenceListener.java:107)
	at org.geoserver.config.impl.GeoServerImpl.firePostServiceModified(GeoServerImpl.java:385)
	at org.geoserver.config.impl.GeoServerImpl.add(GeoServerImpl.java:236)
	at org.geoserver.config.GeoServerLoader.loadServices(GeoServerLoader.java:707)
	at org.geoserver.config.GeoServerLoader.readConfiguration(GeoServerLoader.java:637)
	at org.geoserver.config.DefaultGeoServerLoader.loadGeoServer(DefaultGeoServerLoader.java:72)
	at org.geoserver.config.GeoServerLoader.reload(GeoServerLoader.java:211)
	at org.geoserver.config.GeoServerLoaderProxy.reload(GeoServerLoaderProxy.java:65)
	at org.geoserver.config.impl.GeoServerImpl.reload(GeoServerImpl.java:439)
	at org.geoserver.web.admin.StatusPage$5.onClick(StatusPage.java:156)
	at org.apache.wicket.ajax.markup.html.AjaxLink$1.onEvent(AjaxLink.java:68)
	at org.apache.wicket.ajax.AjaxEventBehavior.respond(AjaxEventBehavior.java:177)
	at org.apache.wicket.ajax.AbstractDefaultAjaxBehavior.onRequest(AbstractDefaultAjaxBehavior.java:300)
	at org.apache.wicket.request.target.component.listener.BehaviorRequestTarget.processEvents(BehaviorRequestTarget.java:119)
	at org.apache.wicket.request.AbstractRequestCycleProcessor.processEvents(AbstractRequestCycleProcessor.java:92)
	at org.apache.wicket.RequestCycle.processEventsAndRespond(RequestCycle.java:1250)
	at org.apache.wicket.RequestCycle.step(RequestCycle.java:1329)
	at org.apache.wicket.RequestCycle.steps(RequestCycle.java:1436)
	at org.apache.wicket.RequestCycle.request(RequestCycle.java:545)
	at org.apache.wicket.protocol.http.WicketFilter.doGet(WicketFilter.java:484)
	at org.apache.wicket.protocol.http.WicketServlet.doGet(WicketServlet.java:138)
	at javax.servlet.http.HttpServlet.service(HttpServlet.java:707)
	at javax.servlet.http.HttpServlet.service(HttpServlet.java:820)
	at org.springframework.web.servlet.mvc.ServletWrappingController.handleRequestInternal(ServletWrappingController.java:159)
	at org.springframework.web.servlet.mvc.AbstractController.handleRequest(AbstractController.java:153)
	at org.springframework.web.servlet.mvc.SimpleControllerHandlerAdapter.handle(SimpleControllerHandlerAdapter.java:48)
	at org.springframework.web.servlet.DispatcherServlet.doDispatch(DispatcherServlet.java:923)
	at org.springframework.web.servlet.DispatcherServlet.doService(DispatcherServlet.java:852)
	at org.springframework.web.servlet.FrameworkServlet.processRequest(FrameworkServlet.java:882)
	at org.springframework.web.servlet.FrameworkServlet.doGet(FrameworkServlet.java:778)
	at javax.servlet.http.HttpServlet.service(HttpServlet.java:707)
	at javax.servlet.http.HttpServlet.service(HttpServlet.java:820)
	at org.mortbay.jetty.servlet.ServletHolder.handle(ServletHolder.java:487)
	at org.mortbay.jetty.servlet.ServletHandler$CachedChain.doFilter(ServletHandler.java:1093)
	at org.geoserver.filters.ThreadLocalsCleanupFilter.doFilter(ThreadLocalsCleanupFilter.java:27)
	at org.mortbay.jetty.servlet.ServletHandler$CachedChain.doFilter(ServletHandler.java:1084)
	at org.geoserver.filters.SpringDelegatingFilter$Chain.doFilter(SpringDelegatingFilter.java:74)
	at org.geoserver.filters.SpringDelegatingFilter.doFilter(SpringDelegatingFilter.java:45)
	at org.mortbay.jetty.servlet.ServletHandler$CachedChain.doFilter(ServletHandler.java:1084)
	at org.geoserver.platform.AdvancedDispatchFilter.doFilter(AdvancedDispatchFilter.java:49)
	at org.mortbay.jetty.servlet.ServletHandler$CachedChain.doFilter(ServletHandler.java:1084)
	at org.springframework.security.web.FilterChainProxy$VirtualFilterChain.doFilter(FilterChainProxy.java:311)
	at org.geoserver.security.filter.GeoServerCompositeFilter$NestedFilterChain.doFilter(GeoServerCompositeFilter.java:68)
	at org.springframework.security.web.access.intercept.FilterSecurityInterceptor.invoke(FilterSecurityInterceptor.java:116)
	at org.springframework.security.web.access.intercept.FilterSecurityInterceptor.doFilter(FilterSecurityInterceptor.java:83)
	at org.geoserver.security.filter.GeoServerCompositeFilter$NestedFilterChain.doFilter(GeoServerCompositeFilter.java:72)
	at org.geoserver.security.filter.GeoServerCompositeFilter.doFilter(GeoServerCompositeFilter.java:91)
	at org.springframework.security.web.FilterChainProxy$VirtualFilterChain.doFilter(FilterChainProxy.java:323)
	at org.geoserver.security.filter.GeoServerCompositeFilter$NestedFilterChain.doFilter(GeoServerCompositeFilter.java:68)
	at org.springframework.security.web.access.ExceptionTranslationFilter.doFilter(ExceptionTranslationFilter.java:113)
	at org.geoserver.security.filter.GeoServerCompositeFilter$NestedFilterChain.doFilter(GeoServerCompositeFilter.java:72)
	at org.geoserver.security.filter.GeoServerCompositeFilter.doFilter(GeoServerCompositeFilter.java:91)
	at org.springframework.security.web.FilterChainProxy$VirtualFilterChain.doFilter(FilterChainProxy.java:323)
	at org.geoserver.security.filter.GeoServerAnonymousAuthenticationFilter.doFilter(GeoServerAnonymousAuthenticationFilter.java:53)
	at org.springframework.security.web.FilterChainProxy$VirtualFilterChain.doFilter(FilterChainProxy.java:323)
	at org.geoserver.security.filter.GeoServerCompositeFilter$NestedFilterChain.doFilter(GeoServerCompositeFilter.java:68)
	at org.springframework.security.web.authentication.AbstractAuthenticationProcessingFilter.doFilter(AbstractAuthenticationProcessingFilter.java:182)
	at org.geoserver.security.filter.GeoServerCompositeFilter$NestedFilterChain.doFilter(GeoServerCompositeFilter.java:72)
	at org.geoserver.security.filter.GeoServerCompositeFilter.doFilter(GeoServerCompositeFilter.java:91)
	at org.geoserver.security.filter.GeoServerUserNamePasswordAuthenticationFilter.doFilter(GeoServerUserNamePasswordAuthenticationFilter.java:115)
	at org.springframework.security.web.FilterChainProxy$VirtualFilterChain.doFilter(FilterChainProxy.java:323)
	at org.geoserver.security.filter.GeoServerCompositeFilter$NestedFilterChain.doFilter(GeoServerCompositeFilter.java:68)
	at org.springframework.security.web.authentication.rememberme.RememberMeAuthenticationFilter.doFilter(RememberMeAuthenticationFilter.java:146)
	at org.geoserver.security.filter.GeoServerCompositeFilter$NestedFilterChain.doFilter(GeoServerCompositeFilter.java:72)
	at org.geoserver.security.filter.GeoServerCompositeFilter.doFilter(GeoServerCompositeFilter.java:91)
	at org.springframework.security.web.FilterChainProxy$VirtualFilterChain.doFilter(FilterChainProxy.java:323)
	at org.geoserver.security.filter.GeoServerCompositeFilter$NestedFilterChain.doFilter(GeoServerCompositeFilter.java:68)
	at org.springframework.security.web.context.SecurityContextPersistenceFilter.doFilter(SecurityContextPersistenceFilter.java:87)
	at org.geoserver.security.filter.GeoServerSecurityContextPersistenceFilter$1.doFilter(GeoServerSecurityContextPersistenceFilter.java:52)
	at org.geoserver.security.filter.GeoServerCompositeFilter$NestedFilterChain.doFilter(GeoServerCompositeFilter.java:72)
	at org.geoserver.security.filter.GeoServerCompositeFilter.doFilter(GeoServerCompositeFilter.java:91)
	at org.springframework.security.web.FilterChainProxy$VirtualFilterChain.doFilter(FilterChainProxy.java:323)
	at org.springframework.security.web.FilterChainProxy.doFilter(FilterChainProxy.java:173)
	at org.geoserver.security.GeoServerSecurityFilterChainProxy.doFilter(GeoServerSecurityFilterChainProxy.java:134)
	at org.springframework.web.filter.DelegatingFilterProxy.invokeDelegate(DelegatingFilterProxy.java:346)
	at org.springframework.web.filter.DelegatingFilterProxy.doFilter(DelegatingFilterProxy.java:259)
	at org.mortbay.jetty.servlet.ServletHandler$CachedChain.doFilter(ServletHandler.java:1084)
	at org.geoserver.filters.LoggingFilter.doFilter(LoggingFilter.java:75)
	at org.mortbay.jetty.servlet.ServletHandler$CachedChain.doFilter(ServletHandler.java:1084)
	at org.geoserver.filters.GZIPFilter.doFilter(GZIPFilter.java:42)
	at org.mortbay.jetty.servlet.ServletHandler$CachedChain.doFilter(ServletHandler.java:1084)
	at org.geoserver.filters.SessionDebugFilter.doFilter(SessionDebugFilter.java:47)
	at org.mortbay.jetty.servlet.ServletHandler$CachedChain.doFilter(ServletHandler.java:1084)
	at org.geoserver.filters.FlushSafeFilter.doFilter(FlushSafeFilter.java:43)
	at org.mortbay.jetty.servlet.ServletHandler$CachedChain.doFilter(ServletHandler.java:1084)
	at org.vfny.geoserver.filters.SetCharacterEncodingFilter.doFilter(SetCharacterEncodingFilter.java:109)
	at org.mortbay.jetty.servlet.ServletHandler$CachedChain.doFilter(ServletHandler.java:1084)
	at org.mortbay.jetty.servlet.ServletHandler.handle(ServletHandler.java:360)
	at org.mortbay.jetty.security.SecurityHandler.handle(SecurityHandler.java:216)
	at org.mortbay.jetty.servlet.SessionHandler.handle(SessionHandler.java:181)
	at org.mortbay.jetty.handler.ContextHandler.handle(ContextHandler.java:726)
	at org.mortbay.jetty.webapp.WebAppContext.handle(WebAppContext.java:405)
	at org.mortbay.jetty.handler.ContextHandlerCollection.handle(ContextHandlerCollection.java:206)
	at org.mortbay.jetty.handler.HandlerCollection.handle(HandlerCollection.java:114)
	at org.mortbay.jetty.handler.HandlerWrapper.handle(HandlerWrapper.java:152)
	at org.mortbay.jetty.Server.handle(Server.java:324)
	at org.mortbay.jetty.HttpConnection.handleRequest(HttpConnection.java:505)
	at org.mortbay.jetty.HttpConnection$RequestHandler.headerComplete(HttpConnection.java:828)
	at org.mortbay.jetty.HttpParser.parseNext(HttpParser.java:514)
	at org.mortbay.jetty.HttpParser.parseAvailable(HttpParser.java:211)
	at org.mortbay.jetty.HttpConnection.handle(HttpConnection.java:380)
	at org.mortbay.io.nio.SelectChannelEndPoint.run(SelectChannelEndPoint.java:395)
	at org.mortbay.thread.BoundedThreadPool$PoolThread.run(BoundedThreadPool.java:450)
2014-07-07 14:19:13,264 ERROR [config.impl] - Could not locate service of type interface org.geoserver.wps.WPSInfo, local workspace is null
2014-07-07 14:19:13,264 ERROR [config.impl] - Error occurred processing a configuration change listener
java.lang.NullPointerException
	at org.geoserver.wps.WPSInitializer.initWPS(WPSInitializer.java:55)
	at org.geoserver.wps.WPSInitializer$1.handlePostGlobalChange(WPSInitializer.java:47)
	at org.geoserver.config.impl.GeoServerImpl.fireGlobalPostModified(GeoServerImpl.java:311)
	at org.geoserver.config.impl.GeoServerImpl.save(GeoServerImpl.java:298)
	at org.geoserver.config.UpdateSequenceListener.incrementSequence(UpdateSequenceListener.java:40)
	at org.geoserver.config.UpdateSequenceListener.handlePostServiceChange(UpdateSequenceListener.java:107)
	at org.geoserver.config.impl.GeoServerImpl.firePostServiceModified(GeoServerImpl.java:385)
	at org.geoserver.config.impl.GeoServerImpl.add(GeoServerImpl.java:236)
	at org.geoserver.config.GeoServerLoader.loadServices(GeoServerLoader.java:707)
	at org.geoserver.config.GeoServerLoader.readConfiguration(GeoServerLoader.java:637)
	at org.geoserver.config.DefaultGeoServerLoader.loadGeoServer(DefaultGeoServerLoader.java:72)
	at org.geoserver.config.GeoServerLoader.reload(GeoServerLoader.java:211)
	at org.geoserver.config.GeoServerLoaderProxy.reload(GeoServerLoaderProxy.java:65)
	at org.geoserver.config.impl.GeoServerImpl.reload(GeoServerImpl.java:439)
	at org.geoserver.web.admin.StatusPage$5.onClick(StatusPage.java:156)
	at org.apache.wicket.ajax.markup.html.AjaxLink$1.onEvent(AjaxLink.java:68)
	at org.apache.wicket.ajax.AjaxEventBehavior.respond(AjaxEventBehavior.java:177)
	at org.apache.wicket.ajax.AbstractDefaultAjaxBehavior.onRequest(AbstractDefaultAjaxBehavior.java:300)
	at org.apache.wicket.request.target.component.listener.BehaviorRequestTarget.processEvents(BehaviorRequestTarget.java:119)
	at org.apache.wicket.request.AbstractRequestCycleProcessor.processEvents(AbstractRequestCycleProcessor.java:92)
	at org.apache.wicket.RequestCycle.processEventsAndRespond(RequestCycle.java:1250)
	at org.apache.wicket.RequestCycle.step(RequestCycle.java:1329)
	at org.apache.wicket.RequestCycle.steps(RequestCycle.java:1436)
	at org.apache.wicket.RequestCycle.request(RequestCycle.java:545)
	at org.apache.wicket.protocol.http.WicketFilter.doGet(WicketFilter.java:484)
	at org.apache.wicket.protocol.http.WicketServlet.doGet(WicketServlet.java:138)
	at javax.servlet.http.HttpServlet.service(HttpServlet.java:707)
	at javax.servlet.http.HttpServlet.service(HttpServlet.java:820)
	at org.springframework.web.servlet.mvc.ServletWrappingController.handleRequestInternal(ServletWrappingController.java:159)
	at org.springframework.web.servlet.mvc.AbstractController.handleRequest(AbstractController.java:153)
	at org.springframework.web.servlet.mvc.SimpleControllerHandlerAdapter.handle(SimpleControllerHandlerAdapter.java:48)
	at org.springframework.web.servlet.DispatcherServlet.doDispatch(DispatcherServlet.java:923)
	at org.springframework.web.servlet.DispatcherServlet.doService(DispatcherServlet.java:852)
	at org.springframework.web.servlet.FrameworkServlet.processRequest(FrameworkServlet.java:882)
	at org.springframework.web.servlet.FrameworkServlet.doGet(FrameworkServlet.java:778)
	at javax.servlet.http.HttpServlet.service(HttpServlet.java:707)
	at javax.servlet.http.HttpServlet.service(HttpServlet.java:820)
	at org.mortbay.jetty.servlet.ServletHolder.handle(ServletHolder.java:487)
	at org.mortbay.jetty.servlet.ServletHandler$CachedChain.doFilter(ServletHandler.java:1093)
	at org.geoserver.filters.ThreadLocalsCleanupFilter.doFilter(ThreadLocalsCleanupFilter.java:27)
	at org.mortbay.jetty.servlet.ServletHandler$CachedChain.doFilter(ServletHandler.java:1084)
	at org.geoserver.filters.SpringDelegatingFilter$Chain.doFilter(SpringDelegatingFilter.java:74)
	at org.geoserver.filters.SpringDelegatingFilter.doFilter(SpringDelegatingFilter.java:45)
	at org.mortbay.jetty.servlet.ServletHandler$CachedChain.doFilter(ServletHandler.java:1084)
	at org.geoserver.platform.AdvancedDispatchFilter.doFilter(AdvancedDispatchFilter.java:49)
	at org.mortbay.jetty.servlet.ServletHandler$CachedChain.doFilter(ServletHandler.java:1084)
	at org.springframework.security.web.FilterChainProxy$VirtualFilterChain.doFilter(FilterChainProxy.java:311)
	at org.geoserver.security.filter.GeoServerCompositeFilter$NestedFilterChain.doFilter(GeoServerCompositeFilter.java:68)
	at org.springframework.security.web.access.intercept.FilterSecurityInterceptor.invoke(FilterSecurityInterceptor.java:116)
	at org.springframework.security.web.access.intercept.FilterSecurityInterceptor.doFilter(FilterSecurityInterceptor.java:83)
	at org.geoserver.security.filter.GeoServerCompositeFilter$NestedFilterChain.doFilter(GeoServerCompositeFilter.java:72)
	at org.geoserver.security.filter.GeoServerCompositeFilter.doFilter(GeoServerCompositeFilter.java:91)
	at org.springframework.security.web.FilterChainProxy$VirtualFilterChain.doFilter(FilterChainProxy.java:323)
	at org.geoserver.security.filter.GeoServerCompositeFilter$NestedFilterChain.doFilter(GeoServerCompositeFilter.java:68)
	at org.springframework.security.web.access.ExceptionTranslationFilter.doFilter(ExceptionTranslationFilter.java:113)
	at org.geoserver.security.filter.GeoServerCompositeFilter$NestedFilterChain.doFilter(GeoServerCompositeFilter.java:72)
	at org.geoserver.security.filter.GeoServerCompositeFilter.doFilter(GeoServerCompositeFilter.java:91)
	at org.springframework.security.web.FilterChainProxy$VirtualFilterChain.doFilter(FilterChainProxy.java:323)
	at org.geoserver.security.filter.GeoServerAnonymousAuthenticationFilter.doFilter(GeoServerAnonymousAuthenticationFilter.java:53)
	at org.springframework.security.web.FilterChainProxy$VirtualFilterChain.doFilter(FilterChainProxy.java:323)
	at org.geoserver.security.filter.GeoServerCompositeFilter$NestedFilterChain.doFilter(GeoServerCompositeFilter.java:68)
	at org.springframework.security.web.authentication.AbstractAuthenticationProcessingFilter.doFilter(AbstractAuthenticationProcessingFilter.java:182)
	at org.geoserver.security.filter.GeoServerCompositeFilter$NestedFilterChain.doFilter(GeoServerCompositeFilter.java:72)
	at org.geoserver.security.filter.GeoServerCompositeFilter.doFilter(GeoServerCompositeFilter.java:91)
	at org.geoserver.security.filter.GeoServerUserNamePasswordAuthenticationFilter.doFilter(GeoServerUserNamePasswordAuthenticationFilter.java:115)
	at org.springframework.security.web.FilterChainProxy$VirtualFilterChain.doFilter(FilterChainProxy.java:323)
	at org.geoserver.security.filter.GeoServerCompositeFilter$NestedFilterChain.doFilter(GeoServerCompositeFilter.java:68)
	at org.springframework.security.web.authentication.rememberme.RememberMeAuthenticationFilter.doFilter(RememberMeAuthenticationFilter.java:146)
	at org.geoserver.security.filter.GeoServerCompositeFilter$NestedFilterChain.doFilter(GeoServerCompositeFilter.java:72)
	at org.geoserver.security.filter.GeoServerCompositeFilter.doFilter(GeoServerCompositeFilter.java:91)
	at org.springframework.security.web.FilterChainProxy$VirtualFilterChain.doFilter(FilterChainProxy.java:323)
	at org.geoserver.security.filter.GeoServerCompositeFilter$NestedFilterChain.doFilter(GeoServerCompositeFilter.java:68)
	at org.springframework.security.web.context.SecurityContextPersistenceFilter.doFilter(SecurityContextPersistenceFilter.java:87)
	at org.geoserver.security.filter.GeoServerSecurityContextPersistenceFilter$1.doFilter(GeoServerSecurityContextPersistenceFilter.java:52)
	at org.geoserver.security.filter.GeoServerCompositeFilter$NestedFilterChain.doFilter(GeoServerCompositeFilter.java:72)
	at org.geoserver.security.filter.GeoServerCompositeFilter.doFilter(GeoServerCompositeFilter.java:91)
	at org.springframework.security.web.FilterChainProxy$VirtualFilterChain.doFilter(FilterChainProxy.java:323)
	at org.springframework.security.web.FilterChainProxy.doFilter(FilterChainProxy.java:173)
	at org.geoserver.security.GeoServerSecurityFilterChainProxy.doFilter(GeoServerSecurityFilterChainProxy.java:134)
	at org.springframework.web.filter.DelegatingFilterProxy.invokeDelegate(DelegatingFilterProxy.java:346)
	at org.springframework.web.filter.DelegatingFilterProxy.doFilter(DelegatingFilterProxy.java:259)
	at org.mortbay.jetty.servlet.ServletHandler$CachedChain.doFilter(ServletHandler.java:1084)
	at org.geoserver.filters.LoggingFilter.doFilter(LoggingFilter.java:75)
	at org.mortbay.jetty.servlet.ServletHandler$CachedChain.doFilter(ServletHandler.java:1084)
	at org.geoserver.filters.GZIPFilter.doFilter(GZIPFilter.java:42)
	at org.mortbay.jetty.servlet.ServletHandler$CachedChain.doFilter(ServletHandler.java:1084)
	at org.geoserver.filters.SessionDebugFilter.doFilter(SessionDebugFilter.java:47)
	at org.mortbay.jetty.servlet.ServletHandler$CachedChain.doFilter(ServletHandler.java:1084)
	at org.geoserver.filters.FlushSafeFilter.doFilter(FlushSafeFilter.java:43)
	at org.mortbay.jetty.servlet.ServletHandler$CachedChain.doFilter(ServletHandler.java:1084)
	at org.vfny.geoserver.filters.SetCharacterEncodingFilter.doFilter(SetCharacterEncodingFilter.java:109)
	at org.mortbay.jetty.servlet.ServletHandler$CachedChain.doFilter(ServletHandler.java:1084)
	at org.mortbay.jetty.servlet.ServletHandler.handle(ServletHandler.java:360)
	at org.mortbay.jetty.security.SecurityHandler.handle(SecurityHandler.java:216)
	at org.mortbay.jetty.servlet.SessionHandler.handle(SessionHandler.java:181)
	at org.mortbay.jetty.handler.ContextHandler.handle(ContextHandler.java:726)
	at org.mortbay.jetty.webapp.WebAppContext.handle(WebAppContext.java:405)
	at org.mortbay.jetty.handler.ContextHandlerCollection.handle(ContextHandlerCollection.java:206)
	at org.mortbay.jetty.handler.HandlerCollection.handle(HandlerCollection.java:114)
	at org.mortbay.jetty.handler.HandlerWrapper.handle(HandlerWrapper.java:152)
	at org.mortbay.jetty.Server.handle(Server.java:324)
	at org.mortbay.jetty.HttpConnection.handleRequest(HttpConnection.java:505)
	at org.mortbay.jetty.HttpConnection$RequestHandler.headerComplete(HttpConnection.java:828)
	at org.mortbay.jetty.HttpParser.parseNext(HttpParser.java:514)
	at org.mortbay.jetty.HttpParser.parseAvailable(HttpParser.java:211)
	at org.mortbay.jetty.HttpConnection.handle(HttpConnection.java:380)
	at org.mortbay.io.nio.SelectChannelEndPoint.run(SelectChannelEndPoint.java:395)
	at org.mortbay.thread.BoundedThreadPool$PoolThread.run(BoundedThreadPool.java:450)
2014-07-07 14:19:46,555 WARN [geotools.jdbc] - No primary key or unique index found for analysis_data_style.
2014-07-07 14:19:46,633 WARN [geotools.jdbc] - No primary key or unique index found for my_places_categories.
2014-07-07 14:20:36,024 WARN [geoserver.ows] - Could not get a ServiceInfo for service wps thus could not check if the service is enabled
2014-07-07 14:20:36,133 WARN [geotools.feature] - Default Geometry geometry was added as a geoemtry
2014-07-07 14:30:39,018 WARN [geoserver.ows] - Could not get a ServiceInfo for service wps thus could not check if the service is enabled
2014-07-07 14:30:39,112 WARN [geotools.feature] - Default Geometry geometry was added as a geoemtry
2014-07-07 14:33:48,796 WARN [config.CustomEditorConfigurer] - Passing PropertyEditor instances into CustomEditorConfigurer is deprecated: use PropertyEditorRegistrars or PropertyEditor class names instead. Offending key [org.geotools.util.Version; offending editor instance: org.geoserver.platform.util.VersionPropertyEditor@1ea179c
2014-07-07 14:33:50,871 WARN [referencing.factory] - Axis elements found in a wkt definition, the force longitude first axis order hint might not be respected:
PROJCS["WGS84 / Simple Mercator", GEOGCS["WGS 84", DATUM["WGS_1984", SPHEROID["WGS_1984", 6378137.0, 298.257223563]], PRIMEM["Greenwich", 0.0], UNIT["degree", 0.017453292519943295]], PROJECTION["Mercator_1SP_Google"], PARAMETER["latitude_of_origin", 0.0], PARAMETER["central_meridian", 0.0], PARAMETER["scale_factor", 1.0], PARAMETER["false_easting", 0.0], PARAMETER["false_northing", 0.0], UNIT["m", 1.0], AXIS["x", EAST], AXIS["y", NORTH], AUTHORITY["EPSG","54004"]]
2014-07-07 14:33:59,420 WARN [geoserver.security] - C:\GeoServer243\data_dir\security\masterpw.info is a security risk. Please read this file and remove it afterward
2014-07-07 14:38:29,176 WARN [geotools.jdbc] - No primary key or unique index found for analysis_data_style.
2014-07-07 14:38:29,270 WARN [geotools.jdbc] - No primary key or unique index found for my_places_categories.
2014-07-07 14:39:54,389 WARN [geoserver.ows] - Could not get a ServiceInfo for service wps thus could not check if the service is enabled
2014-07-07 14:39:54,888 WARN [geotools.feature] - Default Geometry geometry was added as a geoemtry
2014-07-07 15:20:37,057 WARN [geoserver.ows] - Could not get a ServiceInfo for service wps thus could not check if the service is enabled
2014-07-07 15:20:37,151 WARN [geotools.feature] - Default Geometry geometry was added as a geoemtry
2014-07-07 15:31:11,169 WARN [support.DisposableBeanAdapter] - Invocation of destroy method failed on bean with name 'geoServerLoader': org.springframework.beans.factory.BeanCreationNotAllowedException: Error creating bean with name 'GWCLifeCycleHandler': Singleton bean creation not allowed while the singletons of this factory are in destruction (Do not request a bean from a BeanFactory in a destroy method implementation!)
2014-07-07 15:31:11,513 WARN [referencing.factory] - Axis elements found in a wkt definition, the force longitude first axis order hint might not be respected:
PROJCS["WGS84 / Simple Mercator", GEOGCS["WGS 84", DATUM["WGS_1984", SPHEROID["WGS_1984", 6378137.0, 298.257223563]], PRIMEM["Greenwich", 0.0], UNIT["degree", 0.017453292519943295]], PROJECTION["Mercator_1SP_Google"], PARAMETER["latitude_of_origin", 0.0], PARAMETER["central_meridian", 0.0], PARAMETER["scale_factor", 1.0], PARAMETER["false_easting", 0.0], PARAMETER["false_northing", 0.0], UNIT["m", 1.0], AXIS["x", EAST], AXIS["y", NORTH], AUTHORITY["EPSG","54004"]]
